{"/home/recyclebin/projects/envio/across-indexer-v4/build/src/AcrossEventHandlers.js":{"path":"/home/recyclebin/projects/envio/across-indexer-v4/build/src/AcrossEventHandlers.js","statementMap":{"0":{"start":{"line":2,"column":0},"end":{"line":2,"column":62}},"1":{"start":{"line":3,"column":20},"end":{"line":3,"column":40}},"2":{"start":{"line":4,"column":23},"end":{"line":4,"column":54}},"3":{"start":{"line":8,"column":0},"end":{"line":62,"column":3}},"4":{"start":{"line":9,"column":20},"end":{"line":9,"column":125}},"5":{"start":{"line":10,"column":27},"end":{"line":10,"column":60}},"6":{"start":{"line":11,"column":4},"end":{"line":61,"column":5}},"7":{"start":{"line":12,"column":8},"end":{"line":12,"column":185}},"8":{"start":{"line":13,"column":23},"end":{"line":28,"column":9}},"9":{"start":{"line":29,"column":8},"end":{"line":29,"column":35}},"10":{"start":{"line":32,"column":8},"end":{"line":32,"column":63}},"11":{"start":{"line":33,"column":23},"end":{"line":59,"column":9}},"12":{"start":{"line":60,"column":8},"end":{"line":60,"column":35}},"13":{"start":{"line":63,"column":0},"end":{"line":111,"column":3}},"14":{"start":{"line":64,"column":20},"end":{"line":64,"column":120}},"15":{"start":{"line":65,"column":19},"end":{"line":65,"column":52}},"16":{"start":{"line":66,"column":4},"end":{"line":66,"column":60}},"17":{"start":{"line":67,"column":4},"end":{"line":79,"column":5}},"18":{"start":{"line":68,"column":28},"end":{"line":68,"column":114}},"19":{"start":{"line":69,"column":30},"end":{"line":76,"column":9}},"20":{"start":{"line":77,"column":8},"end":{"line":77,"column":42}},"21":{"start":{"line":78,"column":8},"end":{"line":78,"column":15}},"22":{"start":{"line":80,"column":4},"end":{"line":80,"column":131}},"23":{"start":{"line":83,"column":24},"end":{"line":109,"column":5}},"24":{"start":{"line":110,"column":4},"end":{"line":110,"column":36}}},"fnMap":{"0":{"name":"(anonymous_0)","decl":{"start":{"line":8,"column":51},"end":{"line":8,"column":52}},"loc":{"start":{"line":8,"column":81},"end":{"line":62,"column":1}},"line":8},"1":{"name":"(anonymous_1)","decl":{"start":{"line":63,"column":48},"end":{"line":63,"column":49}},"loc":{"start":{"line":63,"column":78},"end":{"line":111,"column":1}},"line":63}},"branchMap":{"0":{"loc":{"start":{"line":11,"column":4},"end":{"line":61,"column":5}},"type":"if","locations":[{"start":{"line":11,"column":4},"end":{"line":61,"column":5}},{"start":{"line":31,"column":9},"end":{"line":61,"column":5}}],"line":11},"1":{"loc":{"start":{"line":67,"column":4},"end":{"line":79,"column":5}},"type":"if","locations":[{"start":{"line":67,"column":4},"end":{"line":79,"column":5}},{"start":{},"end":{}}],"line":67}},"s":{"0":0,"1":0,"2":0,"3":0,"4":0,"5":0,"6":0,"7":0,"8":0,"9":0,"10":0,"11":0,"12":0,"13":0,"14":0,"15":0,"16":0,"17":0,"18":0,"19":0,"20":0,"21":0,"22":0,"23":0,"24":0},"f":{"0":0,"1":0},"b":{"0":[0,0],"1":[0,0]},"all":true},"/home/recyclebin/projects/envio/across-indexer-v4/build/src/EventHandlers.js":{"path":"/home/recyclebin/projects/envio/across-indexer-v4/build/src/EventHandlers.js","statementMap":{},"fnMap":{},"branchMap":{},"s":{},"f":{},"b":{},"all":true},"/home/recyclebin/projects/envio/across-indexer-v4/build/src/utils/addressUtils.js":{"path":"/home/recyclebin/projects/envio/across-indexer-v4/build/src/utils/addressUtils.js","statementMap":{"0":{"start":{"line":2,"column":0},"end":{"line":2,"column":62}},"1":{"start":{"line":3,"column":0},"end":{"line":3,"column":61}},"2":{"start":{"line":4,"column":17},"end":{"line":4,"column":34}},"3":{"start":{"line":6,"column":4},"end":{"line":8,"column":5}},"4":{"start":{"line":7,"column":8},"end":{"line":7,"column":49}},"5":{"start":{"line":9,"column":20},"end":{"line":9,"column":44}},"6":{"start":{"line":10,"column":4},"end":{"line":10,"column":47}},"7":{"start":{"line":12,"column":0},"end":{"line":12,"column":44}},"8":{"start":{"line":14,"column":4},"end":{"line":16,"column":5}},"9":{"start":{"line":15,"column":8},"end":{"line":15,"column":52}},"10":{"start":{"line":17,"column":21},"end":{"line":17,"column":51}},"11":{"start":{"line":18,"column":4},"end":{"line":18,"column":51}},"12":{"start":{"line":20,"column":0},"end":{"line":20,"column":44}}},"fnMap":{"0":{"name":"bytes32ToAddress","decl":{"start":{"line":5,"column":9},"end":{"line":5,"column":25}},"loc":{"start":{"line":5,"column":35},"end":{"line":11,"column":1}},"line":5},"1":{"name":"addressToBytes32","decl":{"start":{"line":13,"column":9},"end":{"line":13,"column":25}},"loc":{"start":{"line":13,"column":35},"end":{"line":19,"column":1}},"line":13}},"branchMap":{"0":{"loc":{"start":{"line":6,"column":4},"end":{"line":8,"column":5}},"type":"if","locations":[{"start":{"line":6,"column":4},"end":{"line":8,"column":5}},{"start":{},"end":{}}],"line":6},"1":{"loc":{"start":{"line":14,"column":4},"end":{"line":16,"column":5}},"type":"if","locations":[{"start":{"line":14,"column":4},"end":{"line":16,"column":5}},{"start":{},"end":{}}],"line":14}},"s":{"0":0,"1":0,"2":0,"3":0,"4":0,"5":0,"6":0,"7":0,"8":0,"9":0,"10":0,"11":0,"12":0},"f":{"0":0,"1":0},"b":{"0":[0,0],"1":[0,0]},"all":true},"/home/recyclebin/projects/envio/across-indexer-v4/build/test/test.js":{"path":"/home/recyclebin/projects/envio/across-indexer-v4/build/test/test.js","statementMap":{"0":{"start":{"line":5,"column":22},"end":{"line":7,"column":1}},"1":{"start":{"line":6,"column":4},"end":{"line":6,"column":62}},"2":{"start":{"line":8,"column":0},"end":{"line":8,"column":62}},"3":{"start":{"line":104,"column":17},"end":{"line":104,"column":51}},"4":{"start":{"line":105,"column":20},"end":{"line":105,"column":40}},"5":{"start":{"line":106,"column":23},"end":{"line":106,"column":59}},"6":{"start":{"line":107,"column":17},"end":{"line":107,"column":34}},"7":{"start":{"line":108,"column":36},"end":{"line":108,"column":59}},"8":{"start":{"line":109,"column":0},"end":{"line":414,"column":3}},"9":{"start":{"line":110,"column":4},"end":{"line":170,"column":7}},"10":{"start":{"line":111,"column":30},"end":{"line":111,"column":51}},"11":{"start":{"line":112,"column":27},"end":{"line":112,"column":99}},"12":{"start":{"line":113,"column":28},"end":{"line":113,"column":100}},"13":{"start":{"line":114,"column":28},"end":{"line":114,"column":44}},"14":{"start":{"line":115,"column":29},"end":{"line":115,"column":45}},"15":{"start":{"line":116,"column":35},"end":{"line":116,"column":48}},"16":{"start":{"line":117,"column":26},"end":{"line":117,"column":41}},"17":{"start":{"line":118,"column":36},"end":{"line":118,"column":54}},"18":{"start":{"line":119,"column":26},"end":{"line":119,"column":98}},"19":{"start":{"line":120,"column":26},"end":{"line":120,"column":98}},"20":{"start":{"line":121,"column":33},"end":{"line":121,"column":105}},"21":{"start":{"line":122,"column":26},"end":{"line":136,"column":10}},"22":{"start":{"line":137,"column":24},"end":{"line":137,"column":29}},"23":{"start":{"line":138,"column":30},"end":{"line":141,"column":10}},"24":{"start":{"line":142,"column":27},"end":{"line":142,"column":148}},"25":{"start":{"line":143,"column":23},"end":{"line":143,"column":68}},"26":{"start":{"line":145,"column":12},"end":{"line":145,"column":72}},"27":{"start":{"line":146,"column":12},"end":{"line":146,"column":80}},"28":{"start":{"line":147,"column":12},"end":{"line":147,"column":93}},"29":{"start":{"line":148,"column":12},"end":{"line":148,"column":90}},"30":{"start":{"line":149,"column":12},"end":{"line":149,"column":93}},"31":{"start":{"line":150,"column":12},"end":{"line":150,"column":93}},"32":{"start":{"line":151,"column":12},"end":{"line":151,"column":109}},"33":{"start":{"line":152,"column":12},"end":{"line":152,"column":120}},"34":{"start":{"line":153,"column":12},"end":{"line":153,"column":134}},"35":{"start":{"line":154,"column":12},"end":{"line":154,"column":114}},"36":{"start":{"line":155,"column":12},"end":{"line":155,"column":123}},"37":{"start":{"line":156,"column":12},"end":{"line":156,"column":110}},"38":{"start":{"line":157,"column":12},"end":{"line":157,"column":113}},"39":{"start":{"line":158,"column":12},"end":{"line":158,"column":109}},"40":{"start":{"line":159,"column":12},"end":{"line":159,"column":112}},"41":{"start":{"line":160,"column":12},"end":{"line":160,"column":138}},"42":{"start":{"line":161,"column":12},"end":{"line":161,"column":104}},"43":{"start":{"line":162,"column":12},"end":{"line":162,"column":116}},"44":{"start":{"line":163,"column":12},"end":{"line":163,"column":126}},"45":{"start":{"line":164,"column":12},"end":{"line":164,"column":128}},"46":{"start":{"line":165,"column":12},"end":{"line":165,"column":106}},"47":{"start":{"line":166,"column":12},"end":{"line":166,"column":108}},"48":{"start":{"line":167,"column":12},"end":{"line":167,"column":114}},"49":{"start":{"line":168,"column":12},"end":{"line":168,"column":116}},"50":{"start":{"line":171,"column":4},"end":{"line":316,"column":7}},"51":{"start":{"line":173,"column":30},"end":{"line":173,"column":51}},"52":{"start":{"line":175,"column":32},"end":{"line":175,"column":33}},"53":{"start":{"line":176,"column":32},"end":{"line":176,"column":37}},"54":{"start":{"line":178,"column":27},"end":{"line":178,"column":99}},"55":{"start":{"line":179,"column":28},"end":{"line":179,"column":100}},"56":{"start":{"line":180,"column":28},"end":{"line":180,"column":44}},"57":{"start":{"line":181,"column":29},"end":{"line":181,"column":45}},"58":{"start":{"line":182,"column":35},"end":{"line":182,"column":58}},"59":{"start":{"line":183,"column":26},"end":{"line":183,"column":41}},"60":{"start":{"line":184,"column":36},"end":{"line":184,"column":54}},"61":{"start":{"line":185,"column":26},"end":{"line":185,"column":98}},"62":{"start":{"line":186,"column":26},"end":{"line":186,"column":98}},"63":{"start":{"line":187,"column":33},"end":{"line":187,"column":105}},"64":{"start":{"line":188,"column":33},"end":{"line":212,"column":10}},"65":{"start":{"line":213,"column":30},"end":{"line":216,"column":10}},"66":{"start":{"line":217,"column":23},"end":{"line":217,"column":202}},"67":{"start":{"line":219,"column":8},"end":{"line":219,"column":68}},"68":{"start":{"line":221,"column":8},"end":{"line":221,"column":88}},"69":{"start":{"line":223,"column":8},"end":{"line":223,"column":83}},"70":{"start":{"line":225,"column":8},"end":{"line":225,"column":88}},"71":{"start":{"line":227,"column":8},"end":{"line":227,"column":88}},"72":{"start":{"line":229,"column":8},"end":{"line":229,"column":98}},"73":{"start":{"line":231,"column":8},"end":{"line":231,"column":120}},"74":{"start":{"line":233,"column":8},"end":{"line":233,"column":112}},"75":{"start":{"line":235,"column":8},"end":{"line":235,"column":109}},"76":{"start":{"line":237,"column":8},"end":{"line":237,"column":118}},"77":{"start":{"line":239,"column":8},"end":{"line":239,"column":105}},"78":{"start":{"line":241,"column":8},"end":{"line":241,"column":108}},"79":{"start":{"line":243,"column":8},"end":{"line":243,"column":104}},"80":{"start":{"line":245,"column":8},"end":{"line":245,"column":107}},"81":{"start":{"line":247,"column":8},"end":{"line":247,"column":105}},"82":{"start":{"line":249,"column":8},"end":{"line":249,"column":146}},"83":{"start":{"line":251,"column":8},"end":{"line":251,"column":91}},"84":{"start":{"line":253,"column":8},"end":{"line":253,"column":131}},"85":{"start":{"line":255,"column":8},"end":{"line":255,"column":121}},"86":{"start":{"line":257,"column":8},"end":{"line":257,"column":123}},"87":{"start":{"line":259,"column":8},"end":{"line":259,"column":150}},"88":{"start":{"line":261,"column":8},"end":{"line":261,"column":118}},"89":{"start":{"line":263,"column":8},"end":{"line":263,"column":109}},"90":{"start":{"line":265,"column":8},"end":{"line":265,"column":111}},"91":{"start":{"line":267,"column":26},"end":{"line":281,"column":10}},"92":{"start":{"line":282,"column":31},"end":{"line":285,"column":10}},"93":{"start":{"line":287,"column":27},"end":{"line":287,"column":148}},"94":{"start":{"line":288,"column":30},"end":{"line":288,"column":76}},"95":{"start":{"line":289,"column":8},"end":{"line":289,"column":75}},"96":{"start":{"line":291,"column":8},"end":{"line":291,"column":95}},"97":{"start":{"line":293,"column":8},"end":{"line":293,"column":95}},"98":{"start":{"line":295,"column":8},"end":{"line":295,"column":95}},"99":{"start":{"line":297,"column":8},"end":{"line":297,"column":105}},"100":{"start":{"line":299,"column":8},"end":{"line":299,"column":127}},"101":{"start":{"line":301,"column":8},"end":{"line":301,"column":136}},"102":{"start":{"line":303,"column":8},"end":{"line":303,"column":116}},"103":{"start":{"line":305,"column":8},"end":{"line":305,"column":125}},"104":{"start":{"line":307,"column":8},"end":{"line":307,"column":112}},"105":{"start":{"line":309,"column":8},"end":{"line":309,"column":115}},"106":{"start":{"line":311,"column":8},"end":{"line":311,"column":111}},"107":{"start":{"line":313,"column":8},"end":{"line":313,"column":114}},"108":{"start":{"line":315,"column":8},"end":{"line":315,"column":133}},"109":{"start":{"line":317,"column":4},"end":{"line":413,"column":7}},"110":{"start":{"line":318,"column":30},"end":{"line":318,"column":51}},"111":{"start":{"line":319,"column":32},"end":{"line":319,"column":33}},"112":{"start":{"line":320,"column":32},"end":{"line":320,"column":37}},"113":{"start":{"line":322,"column":27},"end":{"line":322,"column":99}},"114":{"start":{"line":323,"column":28},"end":{"line":323,"column":100}},"115":{"start":{"line":324,"column":28},"end":{"line":324,"column":44}},"116":{"start":{"line":325,"column":29},"end":{"line":325,"column":45}},"117":{"start":{"line":326,"column":35},"end":{"line":326,"column":58}},"118":{"start":{"line":327,"column":26},"end":{"line":327,"column":41}},"119":{"start":{"line":328,"column":36},"end":{"line":328,"column":54}},"120":{"start":{"line":329,"column":26},"end":{"line":329,"column":98}},"121":{"start":{"line":330,"column":26},"end":{"line":330,"column":98}},"122":{"start":{"line":331,"column":33},"end":{"line":331,"column":105}},"123":{"start":{"line":333,"column":26},"end":{"line":347,"column":10}},"124":{"start":{"line":349,"column":30},"end":{"line":352,"column":10}},"125":{"start":{"line":354,"column":33},"end":{"line":378,"column":10}},"126":{"start":{"line":380,"column":31},"end":{"line":383,"column":10}},"127":{"start":{"line":385,"column":27},"end":{"line":385,"column":171}},"128":{"start":{"line":386,"column":23},"end":{"line":386,"column":69}},"129":{"start":{"line":388,"column":12},"end":{"line":388,"column":72}},"130":{"start":{"line":389,"column":12},"end":{"line":389,"column":80}},"131":{"start":{"line":390,"column":12},"end":{"line":390,"column":93}},"132":{"start":{"line":391,"column":12},"end":{"line":391,"column":89}},"133":{"start":{"line":392,"column":12},"end":{"line":392,"column":93}},"134":{"start":{"line":393,"column":12},"end":{"line":393,"column":93}},"135":{"start":{"line":394,"column":12},"end":{"line":394,"column":117}},"136":{"start":{"line":395,"column":12},"end":{"line":395,"column":120}},"137":{"start":{"line":396,"column":12},"end":{"line":396,"column":134}},"138":{"start":{"line":397,"column":12},"end":{"line":397,"column":114}},"139":{"start":{"line":398,"column":12},"end":{"line":398,"column":123}},"140":{"start":{"line":399,"column":12},"end":{"line":399,"column":110}},"141":{"start":{"line":400,"column":12},"end":{"line":400,"column":113}},"142":{"start":{"line":401,"column":12},"end":{"line":401,"column":109}},"143":{"start":{"line":402,"column":12},"end":{"line":402,"column":112}},"144":{"start":{"line":403,"column":12},"end":{"line":403,"column":151}},"145":{"start":{"line":404,"column":12},"end":{"line":404,"column":104}},"146":{"start":{"line":405,"column":12},"end":{"line":405,"column":136}},"147":{"start":{"line":406,"column":12},"end":{"line":406,"column":126}},"148":{"start":{"line":407,"column":12},"end":{"line":407,"column":128}},"149":{"start":{"line":408,"column":12},"end":{"line":408,"column":155}},"150":{"start":{"line":409,"column":12},"end":{"line":409,"column":123}},"151":{"start":{"line":410,"column":12},"end":{"line":410,"column":114}},"152":{"start":{"line":411,"column":12},"end":{"line":411,"column":116}}},"fnMap":{"0":{"name":"(anonymous_0)","decl":{"start":{"line":5,"column":56},"end":{"line":5,"column":57}},"loc":{"start":{"line":5,"column":71},"end":{"line":7,"column":1}},"line":5},"1":{"name":"(anonymous_1)","decl":{"start":{"line":109,"column":43},"end":{"line":109,"column":44}},"loc":{"start":{"line":109,"column":49},"end":{"line":414,"column":1}},"line":109},"2":{"name":"(anonymous_2)","decl":{"start":{"line":110,"column":53},"end":{"line":110,"column":54}},"loc":{"start":{"line":110,"column":65},"end":{"line":170,"column":5}},"line":110},"3":{"name":"(anonymous_3)","decl":{"start":{"line":171,"column":69},"end":{"line":171,"column":70}},"loc":{"start":{"line":171,"column":81},"end":{"line":316,"column":5}},"line":171},"4":{"name":"(anonymous_4)","decl":{"start":{"line":317,"column":47},"end":{"line":317,"column":48}},"loc":{"start":{"line":317,"column":59},"end":{"line":413,"column":5}},"line":317}},"branchMap":{"0":{"loc":{"start":{"line":5,"column":22},"end":{"line":7,"column":1}},"type":"binary-expr","locations":[{"start":{"line":5,"column":23},"end":{"line":5,"column":27}},{"start":{"line":5,"column":31},"end":{"line":5,"column":51}},{"start":{"line":5,"column":56},"end":{"line":7,"column":1}}],"line":5},"1":{"loc":{"start":{"line":6,"column":11},"end":{"line":6,"column":61}},"type":"cond-expr","locations":[{"start":{"line":6,"column":37},"end":{"line":6,"column":40}},{"start":{"line":6,"column":43},"end":{"line":6,"column":61}}],"line":6},"2":{"loc":{"start":{"line":6,"column":12},"end":{"line":6,"column":33}},"type":"binary-expr","locations":[{"start":{"line":6,"column":12},"end":{"line":6,"column":15}},{"start":{"line":6,"column":19},"end":{"line":6,"column":33}}],"line":6}},"s":{"0":0,"1":0,"2":0,"3":0,"4":0,"5":0,"6":0,"7":0,"8":0,"9":0,"10":0,"11":0,"12":0,"13":0,"14":0,"15":0,"16":0,"17":0,"18":0,"19":0,"20":0,"21":0,"22":0,"23":0,"24":0,"25":0,"26":0,"27":0,"28":0,"29":0,"30":0,"31":0,"32":0,"33":0,"34":0,"35":0,"36":0,"37":0,"38":0,"39":0,"40":0,"41":0,"42":0,"43":0,"44":0,"45":0,"46":0,"47":0,"48":0,"49":0,"50":0,"51":0,"52":0,"53":0,"54":0,"55":0,"56":0,"57":0,"58":0,"59":0,"60":0,"61":0,"62":0,"63":0,"64":0,"65":0,"66":0,"67":0,"68":0,"69":0,"70":0,"71":0,"72":0,"73":0,"74":0,"75":0,"76":0,"77":0,"78":0,"79":0,"80":0,"81":0,"82":0,"83":0,"84":0,"85":0,"86":0,"87":0,"88":0,"89":0,"90":0,"91":0,"92":0,"93":0,"94":0,"95":0,"96":0,"97":0,"98":0,"99":0,"100":0,"101":0,"102":0,"103":0,"104":0,"105":0,"106":0,"107":0,"108":0,"109":0,"110":0,"111":0,"112":0,"113":0,"114":0,"115":0,"116":0,"117":0,"118":0,"119":0,"120":0,"121":0,"122":0,"123":0,"124":0,"125":0,"126":0,"127":0,"128":0,"129":0,"130":0,"131":0,"132":0,"133":0,"134":0,"135":0,"136":0,"137":0,"138":0,"139":0,"140":0,"141":0,"142":0,"143":0,"144":0,"145":0,"146":0,"147":0,"148":0,"149":0,"150":0,"151":0,"152":0},"f":{"0":0,"1":0,"2":0,"3":0,"4":0},"b":{"0":[0,0,0],"1":[0,0],"2":[0,0]},"all":true},"/home/recyclebin/projects/envio/across-indexer-v4/generated/index.js":{"path":"/home/recyclebin/projects/envio/across-indexer-v4/generated/index.js","statementMap":{"0":{"start":{"line":5,"column":17},"end":{"line":5,"column":49}},"1":{"start":{"line":6,"column":20},"end":{"line":6,"column":55}},"2":{"start":{"line":7,"column":19},"end":{"line":7,"column":42}},"3":{"start":{"line":9,"column":0},"end":{"line":13,"column":2}}},"fnMap":{},"branchMap":{},"s":{"0":0,"1":0,"2":0,"3":0},"f":{},"b":{},"all":true},"/home/recyclebin/projects/envio/across-indexer-v4/generated/src/Benchmark.res.js":{"path":"/home/recyclebin/projects/envio/across-indexer-v4/generated/src/Benchmark.res.js","statementMap":{"0":{"start":{"line":4,"column":9},"end":{"line":4,"column":22}},"1":{"start":{"line":5,"column":10},"end":{"line":5,"column":33}},"2":{"start":{"line":6,"column":11},"end":{"line":6,"column":26}},"3":{"start":{"line":7,"column":14},"end":{"line":7,"column":54}},"4":{"start":{"line":8,"column":14},"end":{"line":8,"column":51}},"5":{"start":{"line":9,"column":14},"end":{"line":9,"column":49}},"6":{"start":{"line":10,"column":16},"end":{"line":10,"column":35}},"7":{"start":{"line":11,"column":16},"end":{"line":11,"column":53}},"8":{"start":{"line":12,"column":17},"end":{"line":12,"column":57}},"9":{"start":{"line":13,"column":17},"end":{"line":13,"column":64}},"10":{"start":{"line":14,"column":17},"end":{"line":14,"column":55}},"11":{"start":{"line":15,"column":18},"end":{"line":15,"column":59}},"12":{"start":{"line":16,"column":18},"end":{"line":16,"column":41}},"13":{"start":{"line":17,"column":23},"end":{"line":17,"column":62}},"14":{"start":{"line":18,"column":25},"end":{"line":18,"column":73}},"15":{"start":{"line":20,"column":13},"end":{"line":26,"column":6}},"16":{"start":{"line":21,"column":6},"end":{"line":25,"column":14}},"17":{"start":{"line":29,"column":2},"end":{"line":33,"column":10}},"18":{"start":{"line":37,"column":2},"end":{"line":37,"column":28}},"19":{"start":{"line":38,"column":16},"end":{"line":38,"column":36}},"20":{"start":{"line":39,"column":2},"end":{"line":43,"column":3}},"21":{"start":{"line":40,"column":20},"end":{"line":40,"column":36}},"22":{"start":{"line":41,"column":4},"end":{"line":41,"column":37}},"23":{"start":{"line":42,"column":4},"end":{"line":42,"column":21}},"24":{"start":{"line":44,"column":2},"end":{"line":44,"column":32}},"25":{"start":{"line":45,"column":2},"end":{"line":45,"column":16}},"26":{"start":{"line":48,"column":18},"end":{"line":52,"column":1}},"27":{"start":{"line":54,"column":15},"end":{"line":63,"column":6}},"28":{"start":{"line":55,"column":6},"end":{"line":62,"column":14}},"29":{"start":{"line":66,"column":22},"end":{"line":66,"column":75}},"30":{"start":{"line":67,"column":19},"end":{"line":67,"column":39}},"31":{"start":{"line":68,"column":2},"end":{"line":75,"column":10}},"32":{"start":{"line":79,"column":19},"end":{"line":79,"column":39}},"33":{"start":{"line":80,"column":2},"end":{"line":89,"column":10}},"34":{"start":{"line":86,"column":18},"end":{"line":86,"column":69}},"35":{"start":{"line":92,"column":14},"end":{"line":96,"column":1}},"36":{"start":{"line":98,"column":15},"end":{"line":98,"column":46}},"37":{"start":{"line":101,"column":2},"end":{"line":101,"column":12}},"38":{"start":{"line":105,"column":22},"end":{"line":105,"column":75}},"39":{"start":{"line":106,"column":16},"end":{"line":106,"column":27}},"40":{"start":{"line":107,"column":2},"end":{"line":111,"column":3}},"41":{"start":{"line":108,"column":18},"end":{"line":108,"column":37}},"42":{"start":{"line":109,"column":4},"end":{"line":109,"column":26}},"43":{"start":{"line":110,"column":4},"end":{"line":110,"column":19}},"44":{"start":{"line":112,"column":14},"end":{"line":112,"column":42}},"45":{"start":{"line":113,"column":2},"end":{"line":113,"column":22}},"46":{"start":{"line":114,"column":2},"end":{"line":114,"column":15}},"47":{"start":{"line":117,"column":12},"end":{"line":121,"column":1}},"48":{"start":{"line":123,"column":15},"end":{"line":123,"column":46}},"49":{"start":{"line":126,"column":2},"end":{"line":126,"column":12}},"50":{"start":{"line":130,"column":22},"end":{"line":130,"column":75}},"51":{"start":{"line":131,"column":16},"end":{"line":131,"column":27}},"52":{"start":{"line":133,"column":2},"end":{"line":139,"column":3}},"53":{"start":{"line":134,"column":4},"end":{"line":134,"column":22}},"54":{"start":{"line":136,"column":19},"end":{"line":136,"column":21}},"55":{"start":{"line":137,"column":4},"end":{"line":137,"column":27}},"56":{"start":{"line":138,"column":4},"end":{"line":138,"column":23}},"57":{"start":{"line":140,"column":2},"end":{"line":140,"column":53}},"58":{"start":{"line":143,"column":18},"end":{"line":149,"column":1}},"59":{"start":{"line":152,"column":18},"end":{"line":152,"column":63}},"60":{"start":{"line":153,"column":15},"end":{"line":153,"column":40}},"61":{"start":{"line":154,"column":2},"end":{"line":154,"column":47}},"62":{"start":{"line":158,"column":10},"end":{"line":158,"column":23}},"63":{"start":{"line":159,"column":24},"end":{"line":159,"column":42}},"64":{"start":{"line":160,"column":13},"end":{"line":160,"column":51}},"65":{"start":{"line":161,"column":24},"end":{"line":163,"column":3}},"66":{"start":{"line":162,"column":4},"end":{"line":162,"column":62}},"67":{"start":{"line":164,"column":19},"end":{"line":166,"column":3}},"68":{"start":{"line":165,"column":4},"end":{"line":165,"column":49}},"69":{"start":{"line":167,"column":15},"end":{"line":170,"column":11}},"70":{"start":{"line":168,"column":25},"end":{"line":168,"column":95}},"71":{"start":{"line":169,"column":10},"end":{"line":169,"column":50}},"72":{"start":{"line":171,"column":2},"end":{"line":178,"column":10}},"73":{"start":{"line":181,"column":12},"end":{"line":184,"column":1}},"74":{"start":{"line":186,"column":15},"end":{"line":191,"column":6}},"75":{"start":{"line":187,"column":6},"end":{"line":190,"column":14}},"76":{"start":{"line":194,"column":2},"end":{"line":197,"column":10}},"77":{"start":{"line":200,"column":17},"end":{"line":205,"column":6}},"78":{"start":{"line":201,"column":18},"end":{"line":201,"column":42}},"79":{"start":{"line":202,"column":6},"end":{"line":202,"column":128}},"80":{"start":{"line":207,"column":23},"end":{"line":212,"column":6}},"81":{"start":{"line":208,"column":31},"end":{"line":208,"column":94}},"82":{"start":{"line":209,"column":6},"end":{"line":209,"column":74}},"83":{"start":{"line":214,"column":18},"end":{"line":217,"column":1}},"84":{"start":{"line":220,"column":19},"end":{"line":220,"column":61}},"85":{"start":{"line":221,"column":2},"end":{"line":221,"column":56}},"86":{"start":{"line":225,"column":22},"end":{"line":225,"column":75}},"87":{"start":{"line":226,"column":23},"end":{"line":226,"column":82}},"88":{"start":{"line":227,"column":2},"end":{"line":227,"column":43}},"89":{"start":{"line":230,"column":11},"end":{"line":236,"column":1}},"90":{"start":{"line":238,"column":11},"end":{"line":238,"column":19}},"91":{"start":{"line":240,"column":16},"end":{"line":242,"column":11}},"92":{"start":{"line":244,"column":20},"end":{"line":244,"column":41}},"93":{"start":{"line":246,"column":20},"end":{"line":246,"column":55}},"94":{"start":{"line":248,"column":22},"end":{"line":256,"column":6}},"95":{"start":{"line":249,"column":18},"end":{"line":252,"column":7}},"96":{"start":{"line":250,"column":19},"end":{"line":250,"column":96}},"97":{"start":{"line":251,"column":8},"end":{"line":251,"column":58}},"98":{"start":{"line":253,"column":6},"end":{"line":253,"column":43}},"99":{"start":{"line":260,"column":2},"end":{"line":265,"column":3}},"100":{"start":{"line":261,"column":4},"end":{"line":261,"column":64}},"101":{"start":{"line":264,"column":4},"end":{"line":264,"column":12}},"102":{"start":{"line":266,"column":2},"end":{"line":276,"column":3}},"103":{"start":{"line":267,"column":4},"end":{"line":267,"column":70}},"104":{"start":{"line":270,"column":12},"end":{"line":270,"column":62}},"105":{"start":{"line":271,"column":4},"end":{"line":274,"column":5}},"106":{"start":{"line":272,"column":6},"end":{"line":272,"column":102}},"107":{"start":{"line":273,"column":6},"end":{"line":273,"column":50}},"108":{"start":{"line":275,"column":4},"end":{"line":275,"column":12}},"109":{"start":{"line":280,"column":22},"end":{"line":280,"column":75}},"110":{"start":{"line":281,"column":2},"end":{"line":281,"column":59}},"111":{"start":{"line":282,"column":2},"end":{"line":282,"column":24}},"112":{"start":{"line":286,"column":2},"end":{"line":286,"column":39}},"113":{"start":{"line":287,"column":2},"end":{"line":287,"column":24}},"114":{"start":{"line":291,"column":14},"end":{"line":291,"column":88}},"115":{"start":{"line":292,"column":12},"end":{"line":294,"column":3}},"116":{"start":{"line":293,"column":4},"end":{"line":293,"column":57}},"117":{"start":{"line":295,"column":2},"end":{"line":295,"column":51}},"118":{"start":{"line":296,"column":2},"end":{"line":296,"column":55}},"119":{"start":{"line":297,"column":2},"end":{"line":297,"column":45}},"120":{"start":{"line":298,"column":2},"end":{"line":298,"column":31}},"121":{"start":{"line":299,"column":2},"end":{"line":299,"column":37}},"122":{"start":{"line":300,"column":2},"end":{"line":300,"column":51}},"123":{"start":{"line":301,"column":2},"end":{"line":301,"column":108}},"124":{"start":{"line":302,"column":2},"end":{"line":302,"column":24}},"125":{"start":{"line":305,"column":27},"end":{"line":305,"column":52}},"126":{"start":{"line":307,"column":21},"end":{"line":307,"column":33}},"127":{"start":{"line":310,"column":12},"end":{"line":312,"column":3}},"128":{"start":{"line":311,"column":4},"end":{"line":311,"column":72}},"129":{"start":{"line":313,"column":2},"end":{"line":313,"column":33}},"130":{"start":{"line":314,"column":2},"end":{"line":314,"column":42}},"131":{"start":{"line":315,"column":2},"end":{"line":315,"column":48}},"132":{"start":{"line":316,"column":2},"end":{"line":316,"column":49}},"133":{"start":{"line":317,"column":2},"end":{"line":317,"column":51}},"134":{"start":{"line":318,"column":2},"end":{"line":318,"column":67}},"135":{"start":{"line":319,"column":2},"end":{"line":319,"column":24}},"136":{"start":{"line":323,"column":13},"end":{"line":323,"column":38}},"137":{"start":{"line":324,"column":2},"end":{"line":326,"column":3}},"138":{"start":{"line":325,"column":4},"end":{"line":325,"column":127}},"139":{"start":{"line":327,"column":20},"end":{"line":327,"column":36}},"140":{"start":{"line":328,"column":20},"end":{"line":328,"column":36}},"141":{"start":{"line":329,"column":2},"end":{"line":329,"column":32}},"142":{"start":{"line":330,"column":22},"end":{"line":336,"column":6}},"143":{"start":{"line":337,"column":2},"end":{"line":342,"column":12}},"144":{"start":{"line":338,"column":10},"end":{"line":341,"column":17}},"145":{"start":{"line":343,"column":2},"end":{"line":343,"column":50}},"146":{"start":{"line":344,"column":2},"end":{"line":344,"column":25}},"147":{"start":{"line":345,"column":22},"end":{"line":349,"column":33}},"148":{"start":{"line":346,"column":18},"end":{"line":346,"column":56}},"149":{"start":{"line":348,"column":14},"end":{"line":348,"column":30}},"150":{"start":{"line":350,"column":27},"end":{"line":350,"column":90}},"151":{"start":{"line":351,"column":28},"end":{"line":351,"column":53}},"152":{"start":{"line":352,"column":24},"end":{"line":352,"column":113}},"153":{"start":{"line":353,"column":2},"end":{"line":357,"column":9}},"154":{"start":{"line":358,"column":2},"end":{"line":372,"column":18}},"155":{"start":{"line":359,"column":18},"end":{"line":363,"column":19}},"156":{"start":{"line":360,"column":20},"end":{"line":360,"column":30}},"157":{"start":{"line":362,"column":20},"end":{"line":362,"column":29}},"158":{"start":{"line":365,"column":16},"end":{"line":365,"column":38}},"159":{"start":{"line":366,"column":16},"end":{"line":371,"column":36}},"160":{"start":{"line":367,"column":32},"end":{"line":370,"column":40}},"161":{"start":{"line":375,"column":14},"end":{"line":377,"column":1}},"162":{"start":{"line":379,"column":0},"end":{"line":379,"column":34}},"163":{"start":{"line":380,"column":0},"end":{"line":380,"column":34}},"164":{"start":{"line":381,"column":0},"end":{"line":381,"column":22}},"165":{"start":{"line":382,"column":0},"end":{"line":382,"column":20}},"166":{"start":{"line":383,"column":0},"end":{"line":383,"column":20}},"167":{"start":{"line":384,"column":0},"end":{"line":384,"column":30}},"168":{"start":{"line":385,"column":0},"end":{"line":385,"column":38}},"169":{"start":{"line":386,"column":0},"end":{"line":386,"column":38}},"170":{"start":{"line":387,"column":0},"end":{"line":387,"column":42}},"171":{"start":{"line":388,"column":0},"end":{"line":388,"column":46}},"172":{"start":{"line":389,"column":0},"end":{"line":389,"column":42}},"173":{"start":{"line":390,"column":0},"end":{"line":390,"column":44}},"174":{"start":{"line":391,"column":0},"end":{"line":391,"column":52}},"175":{"start":{"line":392,"column":0},"end":{"line":392,"column":52}},"176":{"start":{"line":393,"column":0},"end":{"line":393,"column":40}},"177":{"start":{"line":394,"column":0},"end":{"line":394,"column":48}},"178":{"start":{"line":395,"column":0},"end":{"line":395,"column":26}}},"fnMap":{"0":{"name":"(anonymous_0)","decl":{"start":{"line":20,"column":37},"end":{"line":20,"column":38}},"loc":{"start":{"line":20,"column":50},"end":{"line":26,"column":5}},"line":20},"1":{"name":"make","decl":{"start":{"line":28,"column":9},"end":{"line":28,"column":13}},"loc":{"start":{"line":28,"column":16},"end":{"line":34,"column":1}},"line":28},"2":{"name":"increment","decl":{"start":{"line":36,"column":9},"end":{"line":36,"column":18}},"loc":{"start":{"line":36,"column":40},"end":{"line":46,"column":1}},"line":36},"3":{"name":"(anonymous_3)","decl":{"start":{"line":54,"column":39},"end":{"line":54,"column":40}},"loc":{"start":{"line":54,"column":52},"end":{"line":63,"column":5}},"line":54},"4":{"name":"make$1","decl":{"start":{"line":65,"column":9},"end":{"line":65,"column":15}},"loc":{"start":{"line":65,"column":39},"end":{"line":76,"column":1}},"line":65},"5":{"name":"add","decl":{"start":{"line":78,"column":9},"end":{"line":78,"column":12}},"loc":{"start":{"line":78,"column":24},"end":{"line":90,"column":1}},"line":78},"6":{"name":"(anonymous_6)","decl":{"start":{"line":85,"column":60},"end":{"line":85,"column":61}},"loc":{"start":{"line":85,"column":73},"end":{"line":87,"column":17}},"line":85},"7":{"name":"make$2","decl":{"start":{"line":100,"column":9},"end":{"line":100,"column":15}},"loc":{"start":{"line":100,"column":18},"end":{"line":102,"column":1}},"line":100},"8":{"name":"add$1","decl":{"start":{"line":104,"column":9},"end":{"line":104,"column":14}},"loc":{"start":{"line":104,"column":53},"end":{"line":115,"column":1}},"line":104},"9":{"name":"make$3","decl":{"start":{"line":125,"column":9},"end":{"line":125,"column":15}},"loc":{"start":{"line":125,"column":18},"end":{"line":127,"column":1}},"line":125},"10":{"name":"add$2","decl":{"start":{"line":129,"column":9},"end":{"line":129,"column":14}},"loc":{"start":{"line":129,"column":60},"end":{"line":141,"column":1}},"line":129},"11":{"name":"round","decl":{"start":{"line":151,"column":9},"end":{"line":151,"column":14}},"loc":{"start":{"line":151,"column":38},"end":{"line":155,"column":1}},"line":151},"12":{"name":"makeFromDataSet","decl":{"start":{"line":157,"column":9},"end":{"line":157,"column":24}},"loc":{"start":{"line":157,"column":34},"end":{"line":179,"column":1}},"line":157},"13":{"name":"(anonymous_13)","decl":{"start":{"line":161,"column":24},"end":{"line":161,"column":25}},"loc":{"start":{"line":161,"column":38},"end":{"line":163,"column":3}},"line":161},"14":{"name":"(anonymous_14)","decl":{"start":{"line":164,"column":19},"end":{"line":164,"column":20}},"loc":{"start":{"line":164,"column":38},"end":{"line":166,"column":3}},"line":164},"15":{"name":"(anonymous_15)","decl":{"start":{"line":167,"column":54},"end":{"line":167,"column":55}},"loc":{"start":{"line":167,"column":78},"end":{"line":170,"column":9}},"line":167},"16":{"name":"(anonymous_16)","decl":{"start":{"line":186,"column":39},"end":{"line":186,"column":40}},"loc":{"start":{"line":186,"column":52},"end":{"line":191,"column":5}},"line":186},"17":{"name":"make$4","decl":{"start":{"line":193,"column":9},"end":{"line":193,"column":15}},"loc":{"start":{"line":193,"column":18},"end":{"line":198,"column":1}},"line":193},"18":{"name":"(anonymous_18)","decl":{"start":{"line":200,"column":104},"end":{"line":200,"column":105}},"loc":{"start":{"line":200,"column":137},"end":{"line":203,"column":5}},"line":200},"19":{"name":"(anonymous_19)","decl":{"start":{"line":203,"column":10},"end":{"line":203,"column":11}},"loc":{"start":{"line":203,"column":46},"end":{"line":205,"column":5}},"line":203},"20":{"name":"(anonymous_20)","decl":{"start":{"line":207,"column":110},"end":{"line":207,"column":111}},"loc":{"start":{"line":207,"column":148},"end":{"line":210,"column":5}},"line":207},"21":{"name":"(anonymous_21)","decl":{"start":{"line":210,"column":10},"end":{"line":210,"column":11}},"loc":{"start":{"line":210,"column":45},"end":{"line":212,"column":5}},"line":210},"22":{"name":"incrementMillis","decl":{"start":{"line":219,"column":9},"end":{"line":219,"column":24}},"loc":{"start":{"line":219,"column":46},"end":{"line":222,"column":1}},"line":219},"23":{"name":"addSummaryData","decl":{"start":{"line":224,"column":9},"end":{"line":224,"column":23}},"loc":{"start":{"line":224,"column":69},"end":{"line":228,"column":1}},"line":224},"24":{"name":"(anonymous_24)","decl":{"start":{"line":248,"column":107},"end":{"line":248,"column":108}},"loc":{"start":{"line":248,"column":123},"end":{"line":254,"column":5}},"line":248},"25":{"name":"(anonymous_25)","decl":{"start":{"line":249,"column":18},"end":{"line":249,"column":19}},"loc":{"start":{"line":249,"column":30},"end":{"line":252,"column":7}},"line":249},"26":{"name":"(anonymous_26)","decl":{"start":{"line":254,"column":10},"end":{"line":254,"column":11}},"loc":{"start":{"line":254,"column":27},"end":{"line":256,"column":5}},"line":254},"27":{"name":"readFromCacheFile","decl":{"start":{"line":258,"column":15},"end":{"line":258,"column":32}},"loc":{"start":{"line":258,"column":35},"end":{"line":277,"column":1}},"line":258},"28":{"name":"addSummaryData$1","decl":{"start":{"line":279,"column":9},"end":{"line":279,"column":25}},"loc":{"start":{"line":279,"column":65},"end":{"line":283,"column":1}},"line":279},"29":{"name":"incrementMillis$1","decl":{"start":{"line":285,"column":9},"end":{"line":285,"column":26}},"loc":{"start":{"line":285,"column":42},"end":{"line":288,"column":1}},"line":285},"30":{"name":"addBlockRangeFetched","decl":{"start":{"line":290,"column":9},"end":{"line":290,"column":29}},"loc":{"start":{"line":290,"column":148},"end":{"line":303,"column":1}},"line":290},"31":{"name":"(anonymous_31)","decl":{"start":{"line":292,"column":12},"end":{"line":292,"column":13}},"loc":{"start":{"line":292,"column":36},"end":{"line":294,"column":3}},"line":292},"32":{"name":"addEventProcessing","decl":{"start":{"line":309,"column":9},"end":{"line":309,"column":27}},"loc":{"start":{"line":309,"column":105},"end":{"line":320,"column":1}},"line":309},"33":{"name":"(anonymous_33)","decl":{"start":{"line":310,"column":12},"end":{"line":310,"column":13}},"loc":{"start":{"line":310,"column":36},"end":{"line":312,"column":3}},"line":310},"34":{"name":"printSummary","decl":{"start":{"line":322,"column":15},"end":{"line":322,"column":27}},"loc":{"start":{"line":322,"column":30},"end":{"line":373,"column":1}},"line":322},"35":{"name":"(anonymous_35)","decl":{"start":{"line":337,"column":61},"end":{"line":337,"column":62}},"loc":{"start":{"line":337,"column":78},"end":{"line":342,"column":9}},"line":337},"36":{"name":"(anonymous_36)","decl":{"start":{"line":345,"column":134},"end":{"line":345,"column":135}},"loc":{"start":{"line":345,"column":147},"end":{"line":347,"column":17}},"line":345},"37":{"name":"(anonymous_37)","decl":{"start":{"line":347,"column":22},"end":{"line":347,"column":23}},"loc":{"start":{"line":347,"column":38},"end":{"line":349,"column":13}},"line":347},"38":{"name":"(anonymous_38)","decl":{"start":{"line":358,"column":62},"end":{"line":358,"column":63}},"loc":{"start":{"line":358,"column":88},"end":{"line":364,"column":17}},"line":358},"39":{"name":"(anonymous_39)","decl":{"start":{"line":364,"column":21},"end":{"line":364,"column":22}},"loc":{"start":{"line":364,"column":38},"end":{"line":372,"column":15}},"line":364},"40":{"name":"(anonymous_40)","decl":{"start":{"line":366,"column":91},"end":{"line":366,"column":92}},"loc":{"start":{"line":366,"column":108},"end":{"line":371,"column":31}},"line":366}},"branchMap":{"0":{"loc":{"start":{"line":39,"column":2},"end":{"line":43,"column":3}},"type":"if","locations":[{"start":{"line":39,"column":2},"end":{"line":43,"column":3}},{"start":{},"end":{}}],"line":39},"1":{"loc":{"start":{"line":66,"column":22},"end":{"line":66,"column":75}},"type":"cond-expr","locations":[{"start":{"line":66,"column":55},"end":{"line":66,"column":71}},{"start":{"line":66,"column":74},"end":{"line":66,"column":75}}],"line":66},"2":{"loc":{"start":{"line":73,"column":24},"end":{"line":73,"column":104}},"type":"cond-expr","locations":[{"start":{"line":73,"column":57},"end":{"line":73,"column":92}},{"start":{"line":73,"column":95},"end":{"line":73,"column":104}}],"line":73},"3":{"loc":{"start":{"line":82,"column":15},"end":{"line":82,"column":46}},"type":"cond-expr","locations":[{"start":{"line":82,"column":32},"end":{"line":82,"column":40}},{"start":{"line":82,"column":43},"end":{"line":82,"column":46}}],"line":82},"4":{"loc":{"start":{"line":83,"column":15},"end":{"line":83,"column":46}},"type":"cond-expr","locations":[{"start":{"line":83,"column":32},"end":{"line":83,"column":40}},{"start":{"line":83,"column":43},"end":{"line":83,"column":46}}],"line":83},"5":{"loc":{"start":{"line":105,"column":22},"end":{"line":105,"column":75}},"type":"cond-expr","locations":[{"start":{"line":105,"column":55},"end":{"line":105,"column":71}},{"start":{"line":105,"column":74},"end":{"line":105,"column":75}}],"line":105},"6":{"loc":{"start":{"line":107,"column":2},"end":{"line":111,"column":3}},"type":"if","locations":[{"start":{"line":107,"column":2},"end":{"line":111,"column":3}},{"start":{},"end":{}}],"line":107},"7":{"loc":{"start":{"line":130,"column":22},"end":{"line":130,"column":75}},"type":"cond-expr","locations":[{"start":{"line":130,"column":55},"end":{"line":130,"column":71}},{"start":{"line":130,"column":74},"end":{"line":130,"column":75}}],"line":130},"8":{"loc":{"start":{"line":133,"column":2},"end":{"line":139,"column":3}},"type":"if","locations":[{"start":{"line":133,"column":2},"end":{"line":139,"column":3}},{"start":{"line":135,"column":9},"end":{"line":139,"column":3}}],"line":133},"9":{"loc":{"start":{"line":152,"column":18},"end":{"line":152,"column":63}},"type":"cond-expr","locations":[{"start":{"line":152,"column":47},"end":{"line":152,"column":59}},{"start":{"line":152,"column":62},"end":{"line":152,"column":63}}],"line":152},"10":{"loc":{"start":{"line":200,"column":17},"end":{"line":205,"column":6}},"type":"cond-expr","locations":[{"start":{"line":200,"column":104},"end":{"line":203,"column":5}},{"start":{"line":203,"column":10},"end":{"line":205,"column":5}}],"line":200},"11":{"loc":{"start":{"line":207,"column":23},"end":{"line":212,"column":6}},"type":"cond-expr","locations":[{"start":{"line":207,"column":110},"end":{"line":210,"column":5}},{"start":{"line":210,"column":10},"end":{"line":212,"column":5}}],"line":207},"12":{"loc":{"start":{"line":225,"column":22},"end":{"line":225,"column":75}},"type":"cond-expr","locations":[{"start":{"line":225,"column":55},"end":{"line":225,"column":71}},{"start":{"line":225,"column":74},"end":{"line":225,"column":75}}],"line":225},"13":{"loc":{"start":{"line":248,"column":22},"end":{"line":256,"column":6}},"type":"cond-expr","locations":[{"start":{"line":248,"column":107},"end":{"line":254,"column":5}},{"start":{"line":254,"column":10},"end":{"line":256,"column":5}}],"line":248},"14":{"loc":{"start":{"line":271,"column":4},"end":{"line":274,"column":5}},"type":"if","locations":[{"start":{"line":271,"column":4},"end":{"line":274,"column":5}},{"start":{},"end":{}}],"line":271},"15":{"loc":{"start":{"line":280,"column":22},"end":{"line":280,"column":75}},"type":"cond-expr","locations":[{"start":{"line":280,"column":55},"end":{"line":280,"column":71}},{"start":{"line":280,"column":74},"end":{"line":280,"column":75}}],"line":280},"16":{"loc":{"start":{"line":324,"column":2},"end":{"line":326,"column":3}},"type":"if","locations":[{"start":{"line":324,"column":2},"end":{"line":326,"column":3}},{"start":{},"end":{}}],"line":324},"17":{"loc":{"start":{"line":359,"column":18},"end":{"line":363,"column":19}},"type":"if","locations":[{"start":{"line":359,"column":18},"end":{"line":363,"column":19}},{"start":{"line":361,"column":25},"end":{"line":363,"column":19}}],"line":359}},"s":{"0":0,"1":0,"2":0,"3":0,"4":0,"5":0,"6":0,"7":0,"8":0,"9":0,"10":0,"11":0,"12":0,"13":0,"14":0,"15":0,"16":0,"17":0,"18":0,"19":0,"20":0,"21":0,"22":0,"23":0,"24":0,"25":0,"26":0,"27":0,"28":0,"29":0,"30":0,"31":0,"32":0,"33":0,"34":0,"35":0,"36":0,"37":0,"38":0,"39":0,"40":0,"41":0,"42":0,"43":0,"44":0,"45":0,"46":0,"47":0,"48":0,"49":0,"50":0,"51":0,"52":0,"53":0,"54":0,"55":0,"56":0,"57":0,"58":0,"59":0,"60":0,"61":0,"62":0,"63":0,"64":0,"65":0,"66":0,"67":0,"68":0,"69":0,"70":0,"71":0,"72":0,"73":0,"74":0,"75":0,"76":0,"77":0,"78":0,"79":0,"80":0,"81":0,"82":0,"83":0,"84":0,"85":0,"86":0,"87":0,"88":0,"89":0,"90":0,"91":0,"92":0,"93":0,"94":0,"95":0,"96":0,"97":0,"98":0,"99":0,"100":0,"101":0,"102":0,"103":0,"104":0,"105":0,"106":0,"107":0,"108":0,"109":0,"110":0,"111":0,"112":0,"113":0,"114":0,"115":0,"116":0,"117":0,"118":0,"119":0,"120":0,"121":0,"122":0,"123":0,"124":0,"125":0,"126":0,"127":0,"128":0,"129":0,"130":0,"131":0,"132":0,"133":0,"134":0,"135":0,"136":0,"137":0,"138":0,"139":0,"140":0,"141":0,"142":0,"143":0,"144":0,"145":0,"146":0,"147":0,"148":0,"149":0,"150":0,"151":0,"152":0,"153":0,"154":0,"155":0,"156":0,"157":0,"158":0,"159":0,"160":0,"161":0,"162":0,"163":0,"164":0,"165":0,"166":0,"167":0,"168":0,"169":0,"170":0,"171":0,"172":0,"173":0,"174":0,"175":0,"176":0,"177":0,"178":0},"f":{"0":0,"1":0,"2":0,"3":0,"4":0,"5":0,"6":0,"7":0,"8":0,"9":0,"10":0,"11":0,"12":0,"13":0,"14":0,"15":0,"16":0,"17":0,"18":0,"19":0,"20":0,"21":0,"22":0,"23":0,"24":0,"25":0,"26":0,"27":0,"28":0,"29":0,"30":0,"31":0,"32":0,"33":0,"34":0,"35":0,"36":0,"37":0,"38":0,"39":0,"40":0},"b":{"0":[0,0],"1":[0,0],"2":[0,0],"3":[0,0],"4":[0,0],"5":[0,0],"6":[0,0],"7":[0,0],"8":[0,0],"9":[0,0],"10":[0,0],"11":[0,0],"12":[0,0],"13":[0,0],"14":[0,0],"15":[0,0],"16":[0,0],"17":[0,0]},"all":true},"/home/recyclebin/projects/envio/across-indexer-v4/generated/src/bindings/Dotenv.res.js":{"path":"/home/recyclebin/projects/envio/across-indexer-v4/generated/src/bindings/Dotenv.res.js","statementMap":{"0":{"start":{"line":4,"column":11},"end":{"line":4,"column":36}},"1":{"start":{"line":5,"column":13},"end":{"line":5,"column":30}},"2":{"start":{"line":9,"column":2},"end":{"line":14,"column":3}},"3":{"start":{"line":10,"column":4},"end":{"line":10,"column":86}},"4":{"start":{"line":13,"column":4},"end":{"line":13,"column":12}},"5":{"start":{"line":15,"column":2},"end":{"line":15,"column":14}},"6":{"start":{"line":18,"column":12},"end":{"line":20,"column":1}},"7":{"start":{"line":23,"column":2},"end":{"line":25,"column":9}},"8":{"start":{"line":28,"column":0},"end":{"line":28,"column":22}},"9":{"start":{"line":29,"column":0},"end":{"line":29,"column":32}}},"fnMap":{"0":{"name":"getEnvFilePath","decl":{"start":{"line":7,"column":9},"end":{"line":7,"column":23}},"loc":{"start":{"line":7,"column":26},"end":{"line":16,"column":1}},"line":7},"1":{"name":"initialize","decl":{"start":{"line":22,"column":9},"end":{"line":22,"column":19}},"loc":{"start":{"line":22,"column":22},"end":{"line":26,"column":1}},"line":22}},"branchMap":{},"s":{"0":0,"1":0,"2":0,"3":0,"4":0,"5":0,"6":0,"7":0,"8":0,"9":0},"f":{"0":0,"1":0},"b":{},"all":true},"/home/recyclebin/projects/envio/across-indexer-v4/generated/src/bindings/Ethers.gen.ts":{"path":"/home/recyclebin/projects/envio/across-indexer-v4/generated/src/bindings/Ethers.gen.ts","statementMap":{},"fnMap":{},"branchMap":{},"s":{},"f":{},"b":{},"all":true},"/home/recyclebin/projects/envio/across-indexer-v4/generated/src/bindings/Lodash.res.js":{"path":"/home/recyclebin/projects/envio/across-indexer-v4/generated/src/bindings/Lodash.res.js","statementMap":{"0":{"start":{"line":4,"column":26},"end":{"line":4,"column":61}},"1":{"start":{"line":7,"column":2},"end":{"line":7,"column":45}},"2":{"start":{"line":10,"column":0},"end":{"line":10,"column":30}}},"fnMap":{"0":{"name":"cloneDeep","decl":{"start":{"line":6,"column":9},"end":{"line":6,"column":18}},"loc":{"start":{"line":6,"column":25},"end":{"line":8,"column":1}},"line":6}},"branchMap":{},"s":{"0":0,"1":0,"2":0},"f":{"0":0},"b":{},"all":true},"/home/recyclebin/projects/envio/across-indexer-v4/generated/src/bindings/OpaqueTypes.ts":{"path":"/home/recyclebin/projects/envio/across-indexer-v4/generated/src/bindings/OpaqueTypes.ts","statementMap":{},"fnMap":{},"branchMap":{},"s":{},"f":{},"b":{},"all":true},"/home/recyclebin/projects/envio/across-indexer-v4/generated/src/bindings/RescriptMocha.res.js":{"path":"/home/recyclebin/projects/envio/across-indexer-v4/generated/src/bindings/RescriptMocha.res.js","statementMap":{"0":{"start":{"line":5,"column":13},"end":{"line":5,"column":15}},"1":{"start":{"line":7,"column":11},"end":{"line":7,"column":13}},"2":{"start":{"line":9,"column":12},"end":{"line":9,"column":14}},"3":{"start":{"line":11,"column":19},"end":{"line":11,"column":21}},"4":{"start":{"line":13,"column":0},"end":{"line":13,"column":24}},"5":{"start":{"line":14,"column":0},"end":{"line":14,"column":20}},"6":{"start":{"line":15,"column":0},"end":{"line":15,"column":22}},"7":{"start":{"line":16,"column":0},"end":{"line":16,"column":36}}},"fnMap":{},"branchMap":{},"s":{"0":0,"1":0,"2":0,"3":0,"4":0,"5":0,"6":0,"7":0},"f":{},"b":{},"all":true},"/home/recyclebin/projects/envio/across-indexer-v4/generated/src/bindings/vendored-lodash-fns.js":{"path":"/home/recyclebin/projects/envio/across-indexer-v4/generated/src/bindings/vendored-lodash-fns.js","statementMap":{"0":{"start":{"line":14,"column":16},"end":{"line":14,"column":37}},"1":{"start":{"line":15,"column":23},"end":{"line":15,"column":54}},"2":{"start":{"line":16,"column":24},"end":{"line":16,"column":50}},"3":{"start":{"line":17,"column":19},"end":{"line":17,"column":50}},"4":{"start":{"line":18,"column":15},"end":{"line":21,"column":1}},"5":{"start":{"line":19,"column":2},"end":{"line":20,"column":66}},"6":{"start":{"line":20,"column":4},"end":{"line":20,"column":66}},"7":{"start":{"line":22,"column":18},"end":{"line":32,"column":1}},"8":{"start":{"line":23,"column":2},"end":{"line":30,"column":3}},"9":{"start":{"line":24,"column":4},"end":{"line":29,"column":11}},"10":{"start":{"line":25,"column":6},"end":{"line":29,"column":11}},"11":{"start":{"line":26,"column":8},"end":{"line":29,"column":11}},"12":{"start":{"line":27,"column":21},"end":{"line":27,"column":30}},"13":{"start":{"line":31,"column":2},"end":{"line":31,"column":12}},"14":{"start":{"line":33,"column":19},"end":{"line":34,"column":64}},"15":{"start":{"line":34,"column":2},"end":{"line":34,"column":64}},"16":{"start":{"line":37,"column":40},"end":{"line":37,"column":42}},"17":{"start":{"line":38,"column":0},"end":{"line":40,"column":3}},"18":{"start":{"line":39,"column":19},"end":{"line":39,"column":36}},"19":{"start":{"line":41,"column":0},"end":{"line":41,"column":65}},"20":{"start":{"line":45,"column":2},"end":{"line":45,"column":21}},"21":{"start":{"line":46,"column":2},"end":{"line":46,"column":16}},"22":{"start":{"line":48,"column":29},"end":{"line":48,"column":43}},"23":{"start":{"line":52,"column":2},"end":{"line":52,"column":65}},"24":{"start":{"line":54,"column":17},"end":{"line":54,"column":19}},"25":{"start":{"line":58,"column":15},"end":{"line":58,"column":27}},"26":{"start":{"line":59,"column":2},"end":{"line":63,"column":3}},"27":{"start":{"line":60,"column":4},"end":{"line":62,"column":5}},"28":{"start":{"line":61,"column":6},"end":{"line":61,"column":20}},"29":{"start":{"line":64,"column":2},"end":{"line":64,"column":12}},"30":{"start":{"line":66,"column":27},"end":{"line":66,"column":39}},"31":{"start":{"line":69,"column":17},"end":{"line":69,"column":32}},"32":{"start":{"line":70,"column":13},"end":{"line":70,"column":30}},"33":{"start":{"line":72,"column":13},"end":{"line":72,"column":26}},"34":{"start":{"line":73,"column":12},"end":{"line":73,"column":43}},"35":{"start":{"line":74,"column":2},"end":{"line":76,"column":3}},"36":{"start":{"line":75,"column":4},"end":{"line":75,"column":17}},"37":{"start":{"line":77,"column":18},"end":{"line":77,"column":33}},"38":{"start":{"line":78,"column":2},"end":{"line":82,"column":3}},"39":{"start":{"line":79,"column":4},"end":{"line":79,"column":15}},"40":{"start":{"line":81,"column":4},"end":{"line":81,"column":32}},"41":{"start":{"line":83,"column":2},"end":{"line":83,"column":14}},"42":{"start":{"line":84,"column":2},"end":{"line":84,"column":14}},"43":{"start":{"line":86,"column":30},"end":{"line":86,"column":45}},"44":{"start":{"line":90,"column":13},"end":{"line":90,"column":26}},"45":{"start":{"line":91,"column":12},"end":{"line":91,"column":43}},"46":{"start":{"line":92,"column":2},"end":{"line":92,"column":45}},"47":{"start":{"line":94,"column":27},"end":{"line":94,"column":39}},"48":{"start":{"line":98,"column":2},"end":{"line":98,"column":55}},"49":{"start":{"line":100,"column":27},"end":{"line":100,"column":39}},"50":{"start":{"line":104,"column":13},"end":{"line":104,"column":26}},"51":{"start":{"line":105,"column":12},"end":{"line":105,"column":43}},"52":{"start":{"line":106,"column":2},"end":{"line":111,"column":3}},"53":{"start":{"line":107,"column":4},"end":{"line":107,"column":16}},"54":{"start":{"line":108,"column":4},"end":{"line":108,"column":28}},"55":{"start":{"line":110,"column":4},"end":{"line":110,"column":27}},"56":{"start":{"line":112,"column":2},"end":{"line":112,"column":14}},"57":{"start":{"line":114,"column":27},"end":{"line":114,"column":39}},"58":{"start":{"line":118,"column":14},"end":{"line":118,"column":16}},"59":{"start":{"line":119,"column":13},"end":{"line":119,"column":49}},"60":{"start":{"line":120,"column":2},"end":{"line":120,"column":15}},"61":{"start":{"line":121,"column":2},"end":{"line":124,"column":3}},"62":{"start":{"line":122,"column":16},"end":{"line":122,"column":30}},"63":{"start":{"line":123,"column":4},"end":{"line":123,"column":33}},"64":{"start":{"line":126,"column":0},"end":{"line":126,"column":51}},"65":{"start":{"line":127,"column":0},"end":{"line":127,"column":56}},"66":{"start":{"line":128,"column":0},"end":{"line":128,"column":47}},"67":{"start":{"line":129,"column":0},"end":{"line":129,"column":47}},"68":{"start":{"line":130,"column":0},"end":{"line":130,"column":47}},"69":{"start":{"line":131,"column":24},"end":{"line":131,"column":33}},"70":{"start":{"line":135,"column":2},"end":{"line":135,"column":42}},"71":{"start":{"line":136,"column":2},"end":{"line":136,"column":16}},"72":{"start":{"line":138,"column":25},"end":{"line":138,"column":35}},"73":{"start":{"line":142,"column":13},"end":{"line":142,"column":26}},"74":{"start":{"line":143,"column":13},"end":{"line":143,"column":32}},"75":{"start":{"line":144,"column":2},"end":{"line":144,"column":24}},"76":{"start":{"line":145,"column":2},"end":{"line":145,"column":16}},"77":{"start":{"line":147,"column":26},"end":{"line":147,"column":37}},"78":{"start":{"line":151,"column":2},"end":{"line":151,"column":32}},"79":{"start":{"line":153,"column":23},"end":{"line":153,"column":31}},"80":{"start":{"line":157,"column":2},"end":{"line":157,"column":32}},"81":{"start":{"line":159,"column":23},"end":{"line":159,"column":31}},"82":{"start":{"line":163,"column":2},"end":{"line":163,"column":75}},"83":{"start":{"line":164,"column":25},"end":{"line":164,"column":35}},"84":{"start":{"line":168,"column":2},"end":{"line":168,"column":67}},"85":{"start":{"line":169,"column":11},"end":{"line":169,"column":70}},"86":{"start":{"line":170,"column":19},"end":{"line":170,"column":23}},"87":{"start":{"line":173,"column":14},"end":{"line":173,"column":33}},"88":{"start":{"line":174,"column":21},"end":{"line":174,"column":28}},"89":{"start":{"line":177,"column":18},"end":{"line":177,"column":34}},"90":{"start":{"line":178,"column":21},"end":{"line":178,"column":47}},"91":{"start":{"line":179,"column":27},"end":{"line":179,"column":47}},"92":{"start":{"line":180,"column":21},"end":{"line":180,"column":73}},"93":{"start":{"line":182,"column":14},"end":{"line":182,"column":56}},"94":{"start":{"line":183,"column":10},"end":{"line":183,"column":31}},"95":{"start":{"line":184,"column":2},"end":{"line":187,"column":16}},"96":{"start":{"line":185,"column":4},"end":{"line":185,"column":35}},"97":{"start":{"line":186,"column":19},"end":{"line":186,"column":23}},"98":{"start":{"line":188,"column":15},"end":{"line":188,"column":47}},"99":{"start":{"line":189,"column":2},"end":{"line":195,"column":3}},"100":{"start":{"line":190,"column":4},"end":{"line":194,"column":5}},"101":{"start":{"line":191,"column":6},"end":{"line":191,"column":34}},"102":{"start":{"line":193,"column":6},"end":{"line":193,"column":35}},"103":{"start":{"line":196,"column":2},"end":{"line":196,"column":16}},"104":{"start":{"line":198,"column":24},"end":{"line":198,"column":33}},"105":{"start":{"line":201,"column":19},"end":{"line":201,"column":35}},"106":{"start":{"line":202,"column":28},"end":{"line":202,"column":49}},"107":{"start":{"line":204,"column":2},"end":{"line":204,"column":43}},"108":{"start":{"line":206,"column":29},"end":{"line":206,"column":43}},"109":{"start":{"line":209,"column":14},"end":{"line":209,"column":29}},"110":{"start":{"line":210,"column":19},"end":{"line":210,"column":39}},"111":{"start":{"line":211,"column":22},"end":{"line":211,"column":74}},"112":{"start":{"line":213,"column":2},"end":{"line":215,"column":3}},"113":{"start":{"line":214,"column":4},"end":{"line":214,"column":53}},"114":{"start":{"line":216,"column":2},"end":{"line":218,"column":36}},"115":{"start":{"line":220,"column":25},"end":{"line":220,"column":35}},"116":{"start":{"line":224,"column":13},"end":{"line":224,"column":25}},"117":{"start":{"line":225,"column":2},"end":{"line":225,"column":67}},"118":{"start":{"line":227,"column":23},"end":{"line":227,"column":31}},"119":{"start":{"line":230,"column":15},"end":{"line":230,"column":39}},"120":{"start":{"line":231,"column":14},"end":{"line":231,"column":33}},"121":{"start":{"line":232,"column":13},"end":{"line":232,"column":41}},"122":{"start":{"line":233,"column":15},"end":{"line":233,"column":31}},"123":{"start":{"line":235,"column":2},"end":{"line":237,"column":3}},"124":{"start":{"line":236,"column":4},"end":{"line":236,"column":17}},"125":{"start":{"line":238,"column":12},"end":{"line":238,"column":37}},"126":{"start":{"line":239,"column":2},"end":{"line":239,"column":79}},"127":{"start":{"line":241,"column":25},"end":{"line":241,"column":35}},"128":{"start":{"line":244,"column":17},"end":{"line":244,"column":51}},"129":{"start":{"line":245,"column":25},"end":{"line":245,"column":35}},"130":{"start":{"line":248,"column":17},"end":{"line":256,"column":4}},"131":{"start":{"line":249,"column":12},"end":{"line":254,"column":3}},"132":{"start":{"line":255,"column":2},"end":{"line":255,"column":43}},"133":{"start":{"line":258,"column":2},"end":{"line":258,"column":44}},"134":{"start":{"line":260,"column":23},"end":{"line":260,"column":31}},"135":{"start":{"line":263,"column":16},"end":{"line":263,"column":34}},"136":{"start":{"line":264,"column":19},"end":{"line":264,"column":37}},"137":{"start":{"line":266,"column":2},"end":{"line":273,"column":3}},"138":{"start":{"line":267,"column":4},"end":{"line":269,"column":18}},"139":{"start":{"line":268,"column":6},"end":{"line":268,"column":37}},"140":{"start":{"line":270,"column":4},"end":{"line":272,"column":18}},"141":{"start":{"line":271,"column":6},"end":{"line":271,"column":23}},"142":{"start":{"line":274,"column":2},"end":{"line":274,"column":12}},"143":{"start":{"line":276,"column":23},"end":{"line":276,"column":31}},"144":{"start":{"line":279,"column":19},"end":{"line":279,"column":40}},"145":{"start":{"line":280,"column":19},"end":{"line":280,"column":48}},"146":{"start":{"line":281,"column":17},"end":{"line":281,"column":35}},"147":{"start":{"line":282,"column":19},"end":{"line":282,"column":35}},"148":{"start":{"line":283,"column":20},"end":{"line":283,"column":39}},"149":{"start":{"line":284,"column":22},"end":{"line":284,"column":49}},"150":{"start":{"line":285,"column":17},"end":{"line":295,"column":1}},"151":{"start":{"line":297,"column":2},"end":{"line":299,"column":3}},"152":{"start":{"line":298,"column":4},"end":{"line":298,"column":17}},"153":{"start":{"line":300,"column":16},"end":{"line":300,"column":69}},"154":{"start":{"line":301,"column":2},"end":{"line":301,"column":47}},"155":{"start":{"line":303,"column":27},"end":{"line":303,"column":39}},"156":{"start":{"line":307,"column":2},"end":{"line":307,"column":47}},"157":{"start":{"line":309,"column":23},"end":{"line":309,"column":31}},"158":{"start":{"line":313,"column":14},"end":{"line":313,"column":43}},"159":{"start":{"line":314,"column":2},"end":{"line":314,"column":54}},"160":{"start":{"line":316,"column":24},"end":{"line":316,"column":33}},"161":{"start":{"line":319,"column":10},"end":{"line":319,"column":48}},"162":{"start":{"line":320,"column":18},"end":{"line":320,"column":21}},"163":{"start":{"line":323,"column":19},"end":{"line":323,"column":54}},"164":{"start":{"line":324,"column":27},"end":{"line":324,"column":39}},"165":{"start":{"line":328,"column":2},"end":{"line":328,"column":73}},"166":{"start":{"line":329,"column":2},"end":{"line":329,"column":16}},"167":{"start":{"line":331,"column":24},"end":{"line":331,"column":33}},"168":{"start":{"line":335,"column":15},"end":{"line":335,"column":57}},"169":{"start":{"line":336,"column":2},"end":{"line":336,"column":30}},"170":{"start":{"line":337,"column":2},"end":{"line":337,"column":16}},"171":{"start":{"line":339,"column":25},"end":{"line":339,"column":35}},"172":{"start":{"line":342,"column":21},"end":{"line":342,"column":48}},"173":{"start":{"line":343,"column":19},"end":{"line":343,"column":35}},"174":{"start":{"line":344,"column":22},"end":{"line":344,"column":49}},"175":{"start":{"line":346,"column":13},"end":{"line":346,"column":26}},"176":{"start":{"line":347,"column":2},"end":{"line":350,"column":3}},"177":{"start":{"line":348,"column":17},"end":{"line":348,"column":26}},"178":{"start":{"line":349,"column":4},"end":{"line":349,"column":55}},"179":{"start":{"line":351,"column":2},"end":{"line":351,"column":62}},"180":{"start":{"line":353,"column":22},"end":{"line":353,"column":29}},"181":{"start":{"line":356,"column":19},"end":{"line":356,"column":35}},"182":{"start":{"line":357,"column":22},"end":{"line":357,"column":49}},"183":{"start":{"line":359,"column":13},"end":{"line":359,"column":26}},"184":{"start":{"line":360,"column":2},"end":{"line":362,"column":38}},"185":{"start":{"line":364,"column":22},"end":{"line":364,"column":29}},"186":{"start":{"line":367,"column":22},"end":{"line":367,"column":49}},"187":{"start":{"line":369,"column":13},"end":{"line":369,"column":26}},"188":{"start":{"line":370,"column":2},"end":{"line":370,"column":37}},"189":{"start":{"line":371,"column":2},"end":{"line":372,"column":71}},"190":{"start":{"line":373,"column":2},"end":{"line":373,"column":14}},"191":{"start":{"line":375,"column":22},"end":{"line":375,"column":29}},"192":{"start":{"line":379,"column":14},"end":{"line":379,"column":16}},"193":{"start":{"line":380,"column":13},"end":{"line":380,"column":49}},"194":{"start":{"line":381,"column":2},"end":{"line":381,"column":15}},"195":{"start":{"line":382,"column":2},"end":{"line":385,"column":3}},"196":{"start":{"line":383,"column":16},"end":{"line":383,"column":30}},"197":{"start":{"line":384,"column":4},"end":{"line":384,"column":33}},"198":{"start":{"line":387,"column":0},"end":{"line":387,"column":41}},"199":{"start":{"line":388,"column":0},"end":{"line":388,"column":46}},"200":{"start":{"line":389,"column":0},"end":{"line":389,"column":37}},"201":{"start":{"line":390,"column":0},"end":{"line":390,"column":37}},"202":{"start":{"line":391,"column":0},"end":{"line":391,"column":37}},"203":{"start":{"line":392,"column":19},"end":{"line":392,"column":23}},"204":{"start":{"line":396,"column":2},"end":{"line":396,"column":16}},"205":{"start":{"line":397,"column":2},"end":{"line":401,"column":4}},"206":{"start":{"line":403,"column":28},"end":{"line":403,"column":41}},"207":{"start":{"line":407,"column":13},"end":{"line":407,"column":25}},"208":{"start":{"line":408,"column":2},"end":{"line":413,"column":21}},"209":{"start":{"line":415,"column":24},"end":{"line":415,"column":33}},"210":{"start":{"line":419,"column":13},"end":{"line":419,"column":25}},"211":{"start":{"line":420,"column":2},"end":{"line":422,"column":15}},"212":{"start":{"line":424,"column":25},"end":{"line":424,"column":35}},"213":{"start":{"line":428,"column":15},"end":{"line":428,"column":59}},"214":{"start":{"line":429,"column":2},"end":{"line":429,"column":30}},"215":{"start":{"line":430,"column":2},"end":{"line":430,"column":16}},"216":{"start":{"line":432,"column":29},"end":{"line":432,"column":43}},"217":{"start":{"line":436,"column":2},"end":{"line":436,"column":48}},"218":{"start":{"line":438,"column":26},"end":{"line":438,"column":37}},"219":{"start":{"line":442,"column":2},"end":{"line":442,"column":48}},"220":{"start":{"line":444,"column":26},"end":{"line":444,"column":37}},"221":{"start":{"line":448,"column":13},"end":{"line":448,"column":42}},"222":{"start":{"line":449,"column":11},"end":{"line":449,"column":20}},"223":{"start":{"line":450,"column":2},"end":{"line":450,"column":23}},"224":{"start":{"line":451,"column":2},"end":{"line":451,"column":41}},"225":{"start":{"line":452,"column":2},"end":{"line":452,"column":14}},"226":{"start":{"line":454,"column":26},"end":{"line":454,"column":37}},"227":{"start":{"line":458,"column":14},"end":{"line":458,"column":16}},"228":{"start":{"line":459,"column":13},"end":{"line":459,"column":49}},"229":{"start":{"line":460,"column":2},"end":{"line":460,"column":15}},"230":{"start":{"line":461,"column":2},"end":{"line":464,"column":3}},"231":{"start":{"line":462,"column":16},"end":{"line":462,"column":30}},"232":{"start":{"line":463,"column":4},"end":{"line":463,"column":33}},"233":{"start":{"line":466,"column":0},"end":{"line":466,"column":49}},"234":{"start":{"line":467,"column":0},"end":{"line":467,"column":54}},"235":{"start":{"line":468,"column":0},"end":{"line":468,"column":45}},"236":{"start":{"line":469,"column":0},"end":{"line":469,"column":45}},"237":{"start":{"line":470,"column":0},"end":{"line":470,"column":45}},"238":{"start":{"line":471,"column":23},"end":{"line":471,"column":31}},"239":{"start":{"line":474,"column":23},"end":{"line":474,"column":26}},"240":{"start":{"line":476,"column":13},"end":{"line":476,"column":26}},"241":{"start":{"line":477,"column":2},"end":{"line":485,"column":3}},"242":{"start":{"line":478,"column":16},"end":{"line":478,"column":29}},"243":{"start":{"line":479,"column":4},"end":{"line":483,"column":5}},"244":{"start":{"line":480,"column":6},"end":{"line":480,"column":31}},"245":{"start":{"line":481,"column":6},"end":{"line":481,"column":30}},"246":{"start":{"line":482,"column":6},"end":{"line":482,"column":18}},"247":{"start":{"line":484,"column":4},"end":{"line":484,"column":55}},"248":{"start":{"line":486,"column":2},"end":{"line":486,"column":23}},"249":{"start":{"line":487,"column":2},"end":{"line":487,"column":24}},"250":{"start":{"line":488,"column":2},"end":{"line":488,"column":14}},"251":{"start":{"line":490,"column":23},"end":{"line":490,"column":31}},"252":{"start":{"line":494,"column":14},"end":{"line":494,"column":60}},"253":{"start":{"line":495,"column":2},"end":{"line":495,"column":24}},"254":{"start":{"line":497,"column":0},"end":{"line":497,"column":43}},"255":{"start":{"line":498,"column":0},"end":{"line":498,"column":48}},"256":{"start":{"line":499,"column":0},"end":{"line":499,"column":39}},"257":{"start":{"line":500,"column":0},"end":{"line":500,"column":39}},"258":{"start":{"line":501,"column":0},"end":{"line":501,"column":39}},"259":{"start":{"line":502,"column":20},"end":{"line":502,"column":25}},"260":{"start":{"line":506,"column":14},"end":{"line":506,"column":16}},"261":{"start":{"line":507,"column":13},"end":{"line":507,"column":45}},"262":{"start":{"line":508,"column":2},"end":{"line":512,"column":3}},"263":{"start":{"line":509,"column":4},"end":{"line":511,"column":5}},"264":{"start":{"line":510,"column":6},"end":{"line":510,"column":12}},"265":{"start":{"line":513,"column":2},"end":{"line":513,"column":15}},"266":{"start":{"line":515,"column":24},"end":{"line":515,"column":33}},"267":{"start":{"line":518,"column":21},"end":{"line":524,"column":4}},"268":{"start":{"line":519,"column":2},"end":{"line":523,"column":16}},"269":{"start":{"line":520,"column":15},"end":{"line":520,"column":58}},"270":{"start":{"line":521,"column":4},"end":{"line":521,"column":21}},"271":{"start":{"line":522,"column":4},"end":{"line":522,"column":16}},"272":{"start":{"line":525,"column":29},"end":{"line":525,"column":43}},"273":{"start":{"line":529,"column":2},"end":{"line":538,"column":3}},"274":{"start":{"line":530,"column":4},"end":{"line":535,"column":7}},"275":{"start":{"line":537,"column":4},"end":{"line":537,"column":24}},"276":{"start":{"line":540,"column":30},"end":{"line":540,"column":45}},"277":{"start":{"line":543,"column":19},"end":{"line":543,"column":35}},"278":{"start":{"line":544,"column":22},"end":{"line":544,"column":49}},"279":{"start":{"line":546,"column":17},"end":{"line":546,"column":28}},"280":{"start":{"line":547,"column":2},"end":{"line":552,"column":3}},"281":{"start":{"line":551,"column":4},"end":{"line":551,"column":48}},"282":{"start":{"line":554,"column":26},"end":{"line":554,"column":37}},"283":{"start":{"line":558,"column":14},"end":{"line":558,"column":21}},"284":{"start":{"line":559,"column":2},"end":{"line":559,"column":26}},"285":{"start":{"line":560,"column":14},"end":{"line":560,"column":16}},"286":{"start":{"line":561,"column":13},"end":{"line":561,"column":25}},"287":{"start":{"line":562,"column":2},"end":{"line":575,"column":3}},"288":{"start":{"line":563,"column":14},"end":{"line":563,"column":26}},"289":{"start":{"line":564,"column":19},"end":{"line":566,"column":14}},"290":{"start":{"line":567,"column":4},"end":{"line":569,"column":5}},"291":{"start":{"line":568,"column":6},"end":{"line":568,"column":29}},"292":{"start":{"line":570,"column":4},"end":{"line":574,"column":5}},"293":{"start":{"line":571,"column":6},"end":{"line":571,"column":53}},"294":{"start":{"line":573,"column":6},"end":{"line":573,"column":49}},"295":{"start":{"line":576,"column":2},"end":{"line":576,"column":16}},"296":{"start":{"line":578,"column":25},"end":{"line":578,"column":35}},"297":{"start":{"line":582,"column":14},"end":{"line":582,"column":16}},"298":{"start":{"line":583,"column":13},"end":{"line":583,"column":21}},"299":{"start":{"line":584,"column":2},"end":{"line":586,"column":3}},"300":{"start":{"line":585,"column":4},"end":{"line":585,"column":36}},"301":{"start":{"line":587,"column":2},"end":{"line":587,"column":16}},"302":{"start":{"line":589,"column":24},"end":{"line":589,"column":33}},"303":{"start":{"line":593,"column":2},"end":{"line":593,"column":51}},"304":{"start":{"line":595,"column":27},"end":{"line":595,"column":39}},"305":{"start":{"line":598,"column":14},"end":{"line":598,"column":34}},"306":{"start":{"line":600,"column":2},"end":{"line":600,"column":77}},"307":{"start":{"line":602,"column":30},"end":{"line":602,"column":45}},"308":{"start":{"line":605,"column":19},"end":{"line":605,"column":35}},"309":{"start":{"line":606,"column":22},"end":{"line":606,"column":49}},"310":{"start":{"line":607,"column":27},"end":{"line":607,"column":60}},"311":{"start":{"line":608,"column":18},"end":{"line":620,"column":5}},"312":{"start":{"line":610,"column":4},"end":{"line":610,"column":21}},"313":{"start":{"line":615,"column":6},"end":{"line":619,"column":8}},"314":{"start":{"line":621,"column":26},"end":{"line":621,"column":37}},"315":{"start":{"line":624,"column":14},"end":{"line":624,"column":27}},"316":{"start":{"line":625,"column":22},"end":{"line":625,"column":29}},"317":{"start":{"line":629,"column":2},"end":{"line":629,"column":15}},"318":{"start":{"line":631,"column":24},"end":{"line":631,"column":33}},"319":{"start":{"line":635,"column":2},"end":{"line":635,"column":71}},"320":{"start":{"line":637,"column":2},"end":{"line":641,"column":8}},"321":{"start":{"line":642,"column":20},"end":{"line":642,"column":68}},"322":{"start":{"line":643,"column":14},"end":{"line":643,"column":58}},"323":{"start":{"line":644,"column":21},"end":{"line":644,"column":56}},"324":{"start":{"line":645,"column":15},"end":{"line":645,"column":50}},"325":{"start":{"line":646,"column":23},"end":{"line":646,"column":31}},"326":{"start":{"line":649,"column":23},"end":{"line":649,"column":39}},"327":{"start":{"line":650,"column":15},"end":{"line":650,"column":33}},"328":{"start":{"line":652,"column":13},"end":{"line":652,"column":25}},"329":{"start":{"line":653,"column":2},"end":{"line":653,"column":54}},"330":{"start":{"line":654,"column":2},"end":{"line":660,"column":4}},"331":{"start":{"line":662,"column":22},"end":{"line":662,"column":29}},"332":{"start":{"line":665,"column":24},"end":{"line":665,"column":40}},"333":{"start":{"line":667,"column":2},"end":{"line":672,"column":4}},"334":{"start":{"line":674,"column":23},"end":{"line":674,"column":31}},"335":{"start":{"line":677,"column":15},"end":{"line":677,"column":35}},"336":{"start":{"line":678,"column":15},"end":{"line":678,"column":31}},"337":{"start":{"line":679,"column":14},"end":{"line":679,"column":32}},"338":{"start":{"line":680,"column":14},"end":{"line":680,"column":29}},"339":{"start":{"line":681,"column":15},"end":{"line":681,"column":31}},"340":{"start":{"line":682,"column":15},"end":{"line":682,"column":34}},"341":{"start":{"line":683,"column":13},"end":{"line":683,"column":27}},"342":{"start":{"line":684,"column":16},"end":{"line":684,"column":33}},"343":{"start":{"line":685,"column":16},"end":{"line":685,"column":33}},"344":{"start":{"line":686,"column":16},"end":{"line":686,"column":33}},"345":{"start":{"line":687,"column":13},"end":{"line":687,"column":27}},"346":{"start":{"line":688,"column":16},"end":{"line":688,"column":33}},"347":{"start":{"line":689,"column":17},"end":{"line":689,"column":35}},"348":{"start":{"line":690,"column":21},"end":{"line":690,"column":43}},"349":{"start":{"line":691,"column":18},"end":{"line":691,"column":37}},"350":{"start":{"line":692,"column":17},"end":{"line":692,"column":40}},"351":{"start":{"line":693,"column":17},"end":{"line":693,"column":40}},"352":{"start":{"line":694,"column":14},"end":{"line":694,"column":34}},"353":{"start":{"line":695,"column":15},"end":{"line":695,"column":36}},"354":{"start":{"line":696,"column":15},"end":{"line":696,"column":36}},"355":{"start":{"line":697,"column":15},"end":{"line":697,"column":36}},"356":{"start":{"line":698,"column":22},"end":{"line":698,"column":50}},"357":{"start":{"line":699,"column":16},"end":{"line":699,"column":38}},"358":{"start":{"line":700,"column":16},"end":{"line":700,"column":38}},"359":{"start":{"line":701,"column":21},"end":{"line":701,"column":23}},"360":{"start":{"line":702,"column":0},"end":{"line":711,"column":9}},"361":{"start":{"line":712,"column":0},"end":{"line":727,"column":10}},"362":{"start":{"line":729,"column":2},"end":{"line":733,"column":4}},"363":{"start":{"line":735,"column":31},"end":{"line":735,"column":47}},"364":{"start":{"line":739,"column":2},"end":{"line":741,"column":4}},"365":{"start":{"line":740,"column":4},"end":{"line":740,"column":23}},"366":{"start":{"line":743,"column":24},"end":{"line":743,"column":33}},"367":{"start":{"line":747,"column":2},"end":{"line":747,"column":71}},"368":{"start":{"line":749,"column":2},"end":{"line":753,"column":8}},"369":{"start":{"line":754,"column":21},"end":{"line":754,"column":72}},"370":{"start":{"line":755,"column":18},"end":{"line":755,"column":62}},"371":{"start":{"line":756,"column":15},"end":{"line":765,"column":4}},"372":{"start":{"line":757,"column":2},"end":{"line":764,"column":16}},"373":{"start":{"line":759,"column":6},"end":{"line":759,"column":77}},"374":{"start":{"line":760,"column":4},"end":{"line":762,"column":5}},"375":{"start":{"line":761,"column":6},"end":{"line":761,"column":19}},"376":{"start":{"line":763,"column":4},"end":{"line":763,"column":77}},"377":{"start":{"line":766,"column":23},"end":{"line":766,"column":31}},"378":{"start":{"line":769,"column":23},"end":{"line":769,"column":72}},"379":{"start":{"line":770,"column":19},"end":{"line":772,"column":28}},"380":{"start":{"line":773,"column":27},"end":{"line":773,"column":39}},"381":{"start":{"line":776,"column":19},"end":{"line":776,"column":35}},"382":{"start":{"line":777,"column":22},"end":{"line":777,"column":49}},"383":{"start":{"line":779,"column":14},"end":{"line":779,"column":36}},"384":{"start":{"line":780,"column":12},"end":{"line":780,"column":48}},"385":{"start":{"line":781,"column":13},"end":{"line":781,"column":56}},"386":{"start":{"line":782,"column":13},"end":{"line":782,"column":71}},"387":{"start":{"line":783,"column":18},"end":{"line":783,"column":52}},"388":{"start":{"line":784,"column":13},"end":{"line":784,"column":71}},"389":{"start":{"line":785,"column":13},"end":{"line":785,"column":26}},"390":{"start":{"line":786,"column":2},"end":{"line":800,"column":3}},"391":{"start":{"line":787,"column":4},"end":{"line":799,"column":5}},"392":{"start":{"line":798,"column":6},"end":{"line":798,"column":23}},"393":{"start":{"line":801,"column":2},"end":{"line":801,"column":16}},"394":{"start":{"line":803,"column":28},"end":{"line":803,"column":41}},"395":{"start":{"line":806,"column":19},"end":{"line":806,"column":35}},"396":{"start":{"line":808,"column":13},"end":{"line":808,"column":39}},"397":{"start":{"line":809,"column":12},"end":{"line":809,"column":73}},"398":{"start":{"line":810,"column":2},"end":{"line":810,"column":25}},"399":{"start":{"line":812,"column":26},"end":{"line":812,"column":37}},"400":{"start":{"line":816,"column":2},"end":{"line":818,"column":4}},"401":{"start":{"line":817,"column":4},"end":{"line":817,"column":32}},"402":{"start":{"line":820,"column":22},"end":{"line":820,"column":29}},"403":{"start":{"line":823,"column":17},"end":{"line":823,"column":53}},"404":{"start":{"line":824,"column":25},"end":{"line":824,"column":35}},"405":{"start":{"line":827,"column":20},"end":{"line":827,"column":36}},"406":{"start":{"line":828,"column":22},"end":{"line":828,"column":50}},"407":{"start":{"line":830,"column":2},"end":{"line":832,"column":3}},"408":{"start":{"line":831,"column":4},"end":{"line":831,"column":38}},"409":{"start":{"line":833,"column":15},"end":{"line":833,"column":17}},"410":{"start":{"line":834,"column":2},"end":{"line":838,"column":3}},"411":{"start":{"line":835,"column":4},"end":{"line":837,"column":5}},"412":{"start":{"line":836,"column":6},"end":{"line":836,"column":23}},"413":{"start":{"line":839,"column":2},"end":{"line":839,"column":16}},"414":{"start":{"line":841,"column":23},"end":{"line":841,"column":31}},"415":{"start":{"line":845,"column":2},"end":{"line":849,"column":4}},"416":{"start":{"line":851,"column":26},"end":{"line":851,"column":37}},"417":{"start":{"line":855,"column":2},"end":{"line":857,"column":31}},"418":{"start":{"line":859,"column":19},"end":{"line":859,"column":23}},"419":{"start":{"line":863,"column":2},"end":{"line":863,"column":76}},"420":{"start":{"line":865,"column":25},"end":{"line":865,"column":35}},"421":{"start":{"line":869,"column":15},"end":{"line":869,"column":17}},"422":{"start":{"line":870,"column":2},"end":{"line":874,"column":3}},"423":{"start":{"line":871,"column":4},"end":{"line":873,"column":5}},"424":{"start":{"line":872,"column":6},"end":{"line":872,"column":23}},"425":{"start":{"line":875,"column":2},"end":{"line":875,"column":16}},"426":{"start":{"line":877,"column":27},"end":{"line":877,"column":39}},"427":{"start":{"line":880,"colu
[...]
line":194,"column":10},"end":{"line":194,"column":111}},"82":{"start":{"line":199,"column":18},"end":{"line":229,"column":1}},"83":{"start":{"line":201,"column":6},"end":{"line":227,"column":7}},"84":{"start":{"line":203,"column":12},"end":{"line":203,"column":38}},"85":{"start":{"line":205,"column":12},"end":{"line":205,"column":36}},"86":{"start":{"line":207,"column":12},"end":{"line":211,"column":13}},"87":{"start":{"line":208,"column":14},"end":{"line":208,"column":40}},"88":{"start":{"line":210,"column":14},"end":{"line":210,"column":61}},"89":{"start":{"line":213,"column":29},"end":{"line":213,"column":50}},"90":{"start":{"line":214,"column":10},"end":{"line":226,"column":11}},"91":{"start":{"line":215,"column":12},"end":{"line":223,"column":38}},"92":{"start":{"line":225,"column":12},"end":{"line":225,"column":113}},"93":{"start":{"line":232,"column":2},"end":{"line":232,"column":40}},"94":{"start":{"line":236,"column":2},"end":{"line":239,"column":10}},"95":{"start":{"line":242,"column":28},"end":{"line":257,"column":1}},"96":{"start":{"line":244,"column":6},"end":{"line":246,"column":7}},"97":{"start":{"line":245,"column":8},"end":{"line":245,"column":55}},"98":{"start":{"line":247,"column":25},"end":{"line":247,"column":81}},"99":{"start":{"line":248,"column":6},"end":{"line":255,"column":7}},"100":{"start":{"line":249,"column":8},"end":{"line":252,"column":10}},"101":{"start":{"line":250,"column":33},"end":{"line":250,"column":134}},"102":{"start":{"line":251,"column":10},"end":{"line":251,"column":78}},"103":{"start":{"line":254,"column":8},"end":{"line":254,"column":109}},"104":{"start":{"line":260,"column":2},"end":{"line":264,"column":38}},"105":{"start":{"line":268,"column":2},"end":{"line":271,"column":10}},"106":{"start":{"line":274,"column":0},"end":{"line":274,"column":48}},"107":{"start":{"line":275,"column":0},"end":{"line":275,"column":50}},"108":{"start":{"line":276,"column":0},"end":{"line":276,"column":32}},"109":{"start":{"line":277,"column":0},"end":{"line":277,"column":32}},"110":{"start":{"line":278,"column":0},"end":{"line":278,"column":34}},"111":{"start":{"line":279,"column":0},"end":{"line":279,"column":60}},"112":{"start":{"line":280,"column":0},"end":{"line":280,"column":36}},"113":{"start":{"line":281,"column":0},"end":{"line":281,"column":46}},"114":{"start":{"line":282,"column":0},"end":{"line":282,"column":40}},"115":{"start":{"line":283,"column":0},"end":{"line":283,"column":38}},"116":{"start":{"line":284,"column":0},"end":{"line":284,"column":26}},"117":{"start":{"line":285,"column":0},"end":{"line":285,"column":34}},"118":{"start":{"line":286,"column":0},"end":{"line":286,"column":34}},"119":{"start":{"line":287,"column":0},"end":{"line":287,"column":44}},"120":{"start":{"line":288,"column":0},"end":{"line":288,"column":38}},"121":{"start":{"line":289,"column":0},"end":{"line":289,"column":54}},"122":{"start":{"line":290,"column":0},"end":{"line":290,"column":64}},"123":{"start":{"line":291,"column":0},"end":{"line":291,"column":58}}},"fnMap":{"0":{"name":"makeEventIdentifier","decl":{"start":{"line":21,"column":9},"end":{"line":21,"column":28}},"loc":{"start":{"line":21,"column":40},"end":{"line":29,"column":1}},"line":21},"1":{"name":"getEventId","decl":{"start":{"line":31,"column":9},"end":{"line":31,"column":19}},"loc":{"start":{"line":31,"column":31},"end":{"line":33,"column":1}},"line":31},"2":{"name":"initEffect","decl":{"start":{"line":37,"column":9},"end":{"line":37,"column":19}},"loc":{"start":{"line":37,"column":28},"end":{"line":45,"column":1}},"line":37},"3":{"name":"(anonymous_3)","decl":{"start":{"line":38,"column":9},"end":{"line":38,"column":10}},"loc":{"start":{"line":38,"column":34},"end":{"line":44,"column":3}},"line":38},"4":{"name":"(anonymous_4)","decl":{"start":{"line":48,"column":12},"end":{"line":48,"column":13}},"loc":{"start":{"line":48,"column":36},"end":{"line":57,"column":9}},"line":48},"5":{"name":"makeEntityHandlerContext","decl":{"start":{"line":60,"column":9},"end":{"line":60,"column":33}},"loc":{"start":{"line":60,"column":56},"end":{"line":96,"column":1}},"line":60},"6":{"name":"(anonymous_6)","decl":{"start":{"line":61,"column":12},"end":{"line":61,"column":13}},"loc":{"start":{"line":61,"column":32},"end":{"line":63,"column":3}},"line":61},"7":{"name":"(anonymous_7)","decl":{"start":{"line":64,"column":12},"end":{"line":64,"column":13}},"loc":{"start":{"line":64,"column":30},"end":{"line":69,"column":3}},"line":64},"8":{"name":"(anonymous_8)","decl":{"start":{"line":72,"column":23},"end":{"line":72,"column":24}},"loc":{"start":{"line":72,"column":52},"end":{"line":80,"column":13}},"line":72},"9":{"name":"(anonymous_9)","decl":{"start":{"line":73,"column":40},"end":{"line":73,"column":41}},"loc":{"start":{"line":73,"column":58},"end":{"line":79,"column":25}},"line":73},"10":{"name":"(anonymous_10)","decl":{"start":{"line":81,"column":24},"end":{"line":81,"column":25}},"loc":{"start":{"line":81,"column":42},"end":{"line":90,"column":13}},"line":81},"11":{"name":"(anonymous_11)","decl":{"start":{"line":82,"column":41},"end":{"line":82,"column":42}},"loc":{"start":{"line":82,"column":66},"end":{"line":89,"column":25}},"line":82},"12":{"name":"(anonymous_12)","decl":{"start":{"line":92,"column":25},"end":{"line":92,"column":26}},"loc":{"start":{"line":92,"column":45},"end":{"line":94,"column":13}},"line":92},"13":{"name":"(anonymous_13)","decl":{"start":{"line":99,"column":8},"end":{"line":99,"column":9}},"loc":{"start":{"line":99,"column":32},"end":{"line":113,"column":5}},"line":99},"14":{"name":"getHandlerContext","decl":{"start":{"line":116,"column":9},"end":{"line":116,"column":26}},"loc":{"start":{"line":116,"column":35},"end":{"line":118,"column":1}},"line":116},"15":{"name":"getHandlerArgs","decl":{"start":{"line":120,"column":9},"end":{"line":120,"column":23}},"loc":{"start":{"line":120,"column":46},"end":{"line":126,"column":1}},"line":120},"16":{"name":"(anonymous_16)","decl":{"start":{"line":129,"column":8},"end":{"line":129,"column":9}},"loc":{"start":{"line":129,"column":32},"end":{"line":148,"column":5}},"line":129},"17":{"name":"(anonymous_17)","decl":{"start":{"line":141,"column":19},"end":{"line":141,"column":20}},"loc":{"start":{"line":141,"column":41},"end":{"line":143,"column":17}},"line":141},"18":{"name":"(anonymous_18)","decl":{"start":{"line":144,"column":19},"end":{"line":144,"column":20}},"loc":{"start":{"line":144,"column":41},"end":{"line":146,"column":17}},"line":144},"19":{"name":"noopSet","decl":{"start":{"line":151,"column":9},"end":{"line":151,"column":16}},"loc":{"start":{"line":151,"column":26},"end":{"line":153,"column":1}},"line":151},"20":{"name":"(anonymous_20)","decl":{"start":{"line":156,"column":8},"end":{"line":156,"column":9}},"loc":{"start":{"line":156,"column":32},"end":{"line":196,"column":5}},"line":156},"21":{"name":"(anonymous_21)","decl":{"start":{"line":157,"column":46},"end":{"line":157,"column":47}},"loc":{"start":{"line":157,"column":64},"end":{"line":162,"column":11}},"line":157},"22":{"name":"(anonymous_22)","decl":{"start":{"line":165,"column":19},"end":{"line":165,"column":20}},"loc":{"start":{"line":165,"column":39},"end":{"line":167,"column":13}},"line":165},"23":{"name":"(anonymous_23)","decl":{"start":{"line":169,"column":19},"end":{"line":169,"column":20}},"loc":{"start":{"line":169,"column":37},"end":{"line":178,"column":13}},"line":169},"24":{"name":"(anonymous_24)","decl":{"start":{"line":170,"column":171},"end":{"line":170,"column":172}},"loc":{"start":{"line":170,"column":196},"end":{"line":177,"column":25}},"line":170},"25":{"name":"(anonymous_25)","decl":{"start":{"line":180,"column":19},"end":{"line":180,"column":20}},"loc":{"start":{"line":180,"column":48},"end":{"line":188,"column":13}},"line":180},"26":{"name":"(anonymous_26)","decl":{"start":{"line":181,"column":170},"end":{"line":181,"column":171}},"loc":{"start":{"line":181,"column":188},"end":{"line":187,"column":25}},"line":181},"27":{"name":"(anonymous_27)","decl":{"start":{"line":200,"column":8},"end":{"line":200,"column":9}},"loc":{"start":{"line":200,"column":32},"end":{"line":228,"column":5}},"line":200},"28":{"name":"getLoaderContext","decl":{"start":{"line":231,"column":9},"end":{"line":231,"column":25}},"loc":{"start":{"line":231,"column":34},"end":{"line":233,"column":1}},"line":231},"29":{"name":"getLoaderArgs","decl":{"start":{"line":235,"column":9},"end":{"line":235,"column":22}},"loc":{"start":{"line":235,"column":31},"end":{"line":240,"column":1}},"line":235},"30":{"name":"(anonymous_30)","decl":{"start":{"line":243,"column":8},"end":{"line":243,"column":9}},"loc":{"start":{"line":243,"column":32},"end":{"line":256,"column":5}},"line":243},"31":{"name":"(anonymous_31)","decl":{"start":{"line":249,"column":15},"end":{"line":249,"column":16}},"loc":{"start":{"line":249,"column":42},"end":{"line":252,"column":9}},"line":249},"32":{"name":"getContractRegisterContext","decl":{"start":{"line":259,"column":9},"end":{"line":259,"column":35}},"loc":{"start":{"line":259,"column":67},"end":{"line":265,"column":1}},"line":259},"33":{"name":"getContractRegisterArgs","decl":{"start":{"line":267,"column":9},"end":{"line":267,"column":32}},"loc":{"start":{"line":267,"column":64},"end":{"line":272,"column":1}},"line":267}},"branchMap":{"0":{"loc":{"start":{"line":49,"column":10},"end":{"line":56,"column":11}},"type":"switch","locations":[{"start":{"line":50,"column":12},"end":{"line":51,"column":42}},{"start":{"line":52,"column":12},"end":{"line":53,"column":63}},{"start":{"line":54,"column":12},"end":{"line":55,"column":141}}],"line":49},"1":{"loc":{"start":{"line":74,"column":26},"end":{"line":78,"column":27}},"type":"if","locations":[{"start":{"line":74,"column":26},"end":{"line":78,"column":27}},{"start":{"line":76,"column":33},"end":{"line":78,"column":27}}],"line":74},"2":{"loc":{"start":{"line":83,"column":26},"end":{"line":88,"column":27}},"type":"if","locations":[{"start":{"line":83,"column":26},"end":{"line":88,"column":27}},{"start":{"line":85,"column":33},"end":{"line":88,"column":27}}],"line":83},"3":{"loc":{"start":{"line":100,"column":6},"end":{"line":112,"column":7}},"type":"switch","locations":[{"start":{"line":101,"column":8},"end":{"line":102,"column":38}},{"start":{"line":103,"column":8},"end":{"line":104,"column":59}},{"start":{"line":105,"column":8},"end":{"line":111,"column":11}}],"line":100},"4":{"loc":{"start":{"line":107,"column":10},"end":{"line":111,"column":11}},"type":"if","locations":[{"start":{"line":107,"column":10},"end":{"line":111,"column":11}},{"start":{"line":109,"column":17},"end":{"line":111,"column":11}}],"line":107},"5":{"loc":{"start":{"line":131,"column":6},"end":{"line":133,"column":7}},"type":"if","locations":[{"start":{"line":131,"column":6},"end":{"line":133,"column":7}},{"start":{},"end":{}}],"line":131},"6":{"loc":{"start":{"line":135,"column":6},"end":{"line":137,"column":7}},"type":"if","locations":[{"start":{"line":135,"column":6},"end":{"line":137,"column":7}},{"start":{},"end":{}}],"line":135},"7":{"loc":{"start":{"line":139,"column":25},"end":{"line":139,"column":95}},"type":"cond-expr","locations":[{"start":{"line":139,"column":49},"end":{"line":139,"column":69}},{"start":{"line":139,"column":72},"end":{"line":139,"column":95}}],"line":139},"8":{"loc":{"start":{"line":157,"column":16},"end":{"line":162,"column":12}},"type":"cond-expr","locations":[{"start":{"line":157,"column":35},"end":{"line":157,"column":42}},{"start":{"line":157,"column":46},"end":{"line":162,"column":11}}],"line":157},"9":{"loc":{"start":{"line":163,"column":6},"end":{"line":195,"column":7}},"type":"switch","locations":[{"start":{"line":164,"column":8},"end":{"line":167,"column":14}},{"start":{"line":168,"column":8},"end":{"line":178,"column":14}},{"start":{"line":179,"column":8},"end":{"line":188,"column":14}},{"start":{"line":189,"column":8},"end":{"line":190,"column":52}},{"start":{"line":191,"column":8},"end":{"line":192,"column":23}},{"start":{"line":193,"column":8},"end":{"line":194,"column":111}}],"line":163},"10":{"loc":{"start":{"line":171,"column":26},"end":{"line":176,"column":27}},"type":"if","locations":[{"start":{"line":171,"column":26},"end":{"line":176,"column":27}},{"start":{"line":173,"column":33},"end":{"line":176,"column":27}}],"line":171},"11":{"loc":{"start":{"line":182,"column":26},"end":{"line":186,"column":27}},"type":"if","locations":[{"start":{"line":182,"column":26},"end":{"line":186,"column":27}},{"start":{"line":184,"column":33},"end":{"line":186,"column":27}}],"line":182},"12":{"loc":{"start":{"line":201,"column":6},"end":{"line":227,"column":7}},"type":"switch","locations":[{"start":{"line":202,"column":8},"end":{"line":203,"column":38}},{"start":{"line":204,"column":8},"end":{"line":205,"column":36}},{"start":{"line":206,"column":8},"end":{"line":211,"column":13}},{"start":{"line":212,"column":8},"end":{"line":226,"column":11}}],"line":201},"13":{"loc":{"start":{"line":207,"column":12},"end":{"line":211,"column":13}},"type":"if","locations":[{"start":{"line":207,"column":12},"end":{"line":211,"column":13}},{"start":{"line":209,"column":19},"end":{"line":211,"column":13}}],"line":207},"14":{"loc":{"start":{"line":214,"column":10},"end":{"line":226,"column":11}},"type":"if","locations":[{"start":{"line":214,"column":10},"end":{"line":226,"column":11}},{"start":{"line":224,"column":17},"end":{"line":226,"column":11}}],"line":214},"15":{"loc":{"start":{"line":244,"column":6},"end":{"line":246,"column":7}},"type":"if","locations":[{"start":{"line":244,"column":6},"end":{"line":246,"column":7}},{"start":{},"end":{}}],"line":244},"16":{"loc":{"start":{"line":248,"column":6},"end":{"line":255,"column":7}},"type":"if","locations":[{"start":{"line":248,"column":6},"end":{"line":255,"column":7}},{"start":{"line":253,"column":13},"end":{"line":255,"column":7}}],"line":248},"17":{"loc":{"start":{"line":250,"column":33},"end":{"line":250,"column":134}},"type":"cond-expr","locations":[{"start":{"line":250,"column":69},"end":{"line":250,"column":116}},{"start":{"line":250,"column":119},"end":{"line":250,"column":134}}],"line":250}},"s":{"0":0,"1":0,"2":0,"3":0,"4":0,"5":0,"6":0,"7":0,"8":0,"9":0,"10":0,"11":0,"12":0,"13":0,"14":0,"15":0,"16":0,"17":0,"18":0,"19":0,"20":0,"21":0,"22":0,"23":0,"24":0,"25":0,"26":0,"27":0,"28":0,"29":0,"30":0,"31":0,"32":0,"33":0,"34":0,"35":0,"36":0,"37":0,"38":0,"39":0,"40":0,"41":0,"42":0,"43":0,"44":0,"45":0,"46":0,"47":0,"48":0,"49":0,"50":0,"51":0,"52":0,"53":0,"54":0,"55":0,"56":0,"57":0,"58":0,"59":0,"60":0,"61":0,"62":0,"63":0,"64":0,"65":0,"66":0,"67":0,"68":0,"69":0,"70":0,"71":0,"72":0,"73":0,"74":0,"75":0,"76":0,"77":0,"78":0,"79":0,"80":0,"81":0,"82":0,"83":0,"84":0,"85":0,"86":0,"87":0,"88":0,"89":0,"90":0,"91":0,"92":0,"93":0,"94":0,"95":0,"96":0,"97":0,"98":0,"99":0,"100":0,"101":0,"102":0,"103":0,"104":0,"105":0,"106":0,"107":0,"108":0,"109":0,"110":0,"111":0,"112":0,"113":0,"114":0,"115":0,"116":0,"117":0,"118":0,"119":0,"120":0,"121":0,"122":0,"123":0},"f":{"0":0,"1":0,"2":0,"3":0,"4":0,"5":0,"6":0,"7":0,"8":0,"9":0,"10":0,"11":0,"12":0,"13":0,"14":0,"15":0,"16":0,"17":0,"18":0,"19":0,"20":0,"21":0,"22":0,"23":0,"24":0,"25":0,"26":0,"27":0,"28":0,"29":0,"30":0,"31":0,"32":0,"33":0},"b":{"0":[0,0,0],"1":[0,0],"2":[0,0],"3":[0,0,0],"4":[0,0],"5":[0,0],"6":[0,0],"7":[0,0],"8":[0,0],"9":[0,0,0,0,0,0],"10":[0,0],"11":[0,0],"12":[0,0,0,0],"13":[0,0],"14":[0,0],"15":[0,0],"16":[0,0],"17":[0,0]},"all":true},"/home/recyclebin/projects/envio/across-indexer-v4/src/AcrossEventHandlers.ts":{"path":"/home/recyclebin/projects/envio/across-indexer-v4/src/AcrossEventHandlers.ts","statementMap":{"0":{"start":{"line":7,"column":0},"end":{"line":68,"column":3}},"1":{"start":{"line":9,"column":8},"end":{"line":9,"column":113}},"2":{"start":{"line":11,"column":27},"end":{"line":11,"column":60}},"3":{"start":{"line":12,"column":4},"end":{"line":67,"column":5}},"4":{"start":{"line":13,"column":8},"end":{"line":15,"column":10}},"5":{"start":{"line":17,"column":31},"end":{"line":32,"column":9}},"6":{"start":{"line":34,"column":8},"end":{"line":34,"column":35}},"7":{"start":{"line":36,"column":8},"end":{"line":36,"column":63}},"8":{"start":{"line":38,"column":31},"end":{"line":64,"column":9}},"9":{"start":{"line":66,"column":8},"end":{"line":66,"column":35}},"10":{"start":{"line":70,"column":0},"end":{"line":130,"column":3}},"11":{"start":{"line":72,"column":8},"end":{"line":72,"column":108}},"12":{"start":{"line":74,"column":19},"end":{"line":74,"column":52}},"13":{"start":{"line":76,"column":4},"end":{"line":76,"column":60}},"14":{"start":{"line":78,"column":4},"end":{"line":93,"column":5}},"15":{"start":{"line":80,"column":12},"end":{"line":80,"column":78}},"16":{"start":{"line":82,"column":38},"end":{"line":89,"column":9}},"17":{"start":{"line":91,"column":8},"end":{"line":91,"column":42}},"18":{"start":{"line":92,"column":8},"end":{"line":92,"column":15}},"19":{"start":{"line":95,"column":4},"end":{"line":97,"column":6}},"20":{"start":{"line":101,"column":32},"end":{"line":127,"column":5}},"21":{"start":{"line":129,"column":4},"end":{"line":129,"column":36}}},"fnMap":{"0":{"name":"(anonymous_0)","decl":{"start":{"line":7,"column":39},"end":{"line":7,"column":40}},"loc":{"start":{"line":7,"column":69},"end":{"line":68,"column":1}},"line":7},"1":{"name":"(anonymous_1)","decl":{"start":{"line":70,"column":36},"end":{"line":70,"column":37}},"loc":{"start":{"line":70,"column":66},"end":{"line":130,"column":1}},"line":70}},"branchMap":{"0":{"loc":{"start":{"line":12,"column":4},"end":{"line":67,"column":5}},"type":"if","locations":[{"start":{"line":12,"column":4},"end":{"line":67,"column":5}},{"start":{"line":35,"column":11},"end":{"line":67,"column":5}}],"line":12},"1":{"loc":{"start":{"line":78,"column":4},"end":{"line":93,"column":5}},"type":"if","locations":[{"start":{"line":78,"column":4},"end":{"line":93,"column":5}},{"start":{},"end":{}}],"line":78}},"s":{"0":0,"1":0,"2":0,"3":0,"4":0,"5":0,"6":0,"7":0,"8":0,"9":0,"10":0,"11":0,"12":0,"13":0,"14":0,"15":0,"16":0,"17":0,"18":0,"19":0,"20":0,"21":0},"f":{"0":0,"1":0},"b":{"0":[0,0],"1":[0,0]},"all":true},"/home/recyclebin/projects/envio/across-indexer-v4/src/EventHandlers.ts":{"path":"/home/recyclebin/projects/envio/across-indexer-v4/src/EventHandlers.ts","statementMap":{},"fnMap":{},"branchMap":{},"s":{},"f":{},"b":{},"all":true},"/home/recyclebin/projects/envio/across-indexer-v4/src/utils/addressUtils.ts":{"path":"/home/recyclebin/projects/envio/across-indexer-v4/src/utils/addressUtils.ts","statementMap":{"0":{"start":{"line":4,"column":4},"end":{"line":6,"column":5}},"1":{"start":{"line":5,"column":8},"end":{"line":5,"column":49}},"2":{"start":{"line":8,"column":20},"end":{"line":8,"column":44}},"3":{"start":{"line":10,"column":4},"end":{"line":10,"column":38}},"4":{"start":{"line":14,"column":4},"end":{"line":16,"column":5}},"5":{"start":{"line":15,"column":8},"end":{"line":15,"column":52}},"6":{"start":{"line":17,"column":21},"end":{"line":17,"column":42}},"7":{"start":{"line":18,"column":4},"end":{"line":18,"column":51}}},"fnMap":{"0":{"name":"bytes32ToAddress","decl":{"start":{"line":3,"column":16},"end":{"line":3,"column":32}},"loc":{"start":{"line":3,"column":58},"end":{"line":11,"column":1}},"line":3},"1":{"name":"addressToBytes32","decl":{"start":{"line":13,"column":16},"end":{"line":13,"column":32}},"loc":{"start":{"line":13,"column":58},"end":{"line":19,"column":1}},"line":13}},"branchMap":{"0":{"loc":{"start":{"line":4,"column":4},"end":{"line":6,"column":5}},"type":"if","locations":[{"start":{"line":4,"column":4},"end":{"line":6,"column":5}},{"start":{},"end":{}}],"line":4},"1":{"loc":{"start":{"line":14,"column":4},"end":{"line":16,"column":5}},"type":"if","locations":[{"start":{"line":14,"column":4},"end":{"line":16,"column":5}},{"start":{},"end":{}}],"line":14}},"s":{"0":0,"1":0,"2":0,"3":0,"4":0,"5":0,"6":0,"7":0},"f":{"0":0,"1":0},"b":{"0":[0,0],"1":[0,0]},"all":true}}